PPS_MASK="3"
TIME_SYNC="1"
LOGGING="0"
### above lines are configurable ###
TIME_0MSEC_COUNT="1821"
TIME_ADJUSTED="23"
TIMEPULSE_COUNT="2152"
TIMEPULSE_DELTA="-229 us"
TIMEPULSE_ADJUSTED="1"
PPS_NO_INT="2152"
PPS_NO_EXT="0"
NMEA_LINES="165480"
NMEA_LINES_RMC="17661"
NMEA_LINES_GGA="17662"
NMEA_LINES_GSA="17663"
NMEA_LINES_GST="17661"
DROP_LINES_RMC="0"
DROP_LINES_GGA="0"
TIME="2020-09-15 05:13:19.00"
TIME_RMC="2020-09-15 05:13:19.00"
TIME_GGA="2020-09-15 05:13:19.00"
LATITUDE="3754.90761N"
LONGITUDE="12220.09117W"
KNOTS="0.048"
ANGLE=""
SATELLITES="10"
ALTITUDE="-1.5M"
ELLIPSOID_H="-29.5M"
GSA_3DFIX="3"
GST_SEMI_MAJOR=""
GST_SEMI_MINOR=""
GST_SEMI_ORIENT=""

PPS_MASK="3"
TIME_SYNC="1"
LOGGING="0"
### above lines are configurable ###
TIME_0MSEC_COUNT="1821"
TIME_ADJUSTED="23"
TIMEPULSE_COUNT="2152"
TIMEPULSE_DELTA="-229 us"
TIMEPULSE_ADJUSTED="1"
PPS_NO_INT="2152"
PPS_NO_EXT="0"
NMEA_LINES="165480"
NMEA_LINES_RMC="17661"
NMEA_LINES_GGA="17662"
NMEA_LINES_GSA="17663"
NMEA_LINES_GST="17661"
DROP_LINES_RMC="0"
DROP_LINES_GGA="0"
TIME="2020-09-15 05:13:19.00"
TIME_RMC="2020-09-15 05:13:19.00"
TIME_GGA="2020-09-15 05:13:19.00"
LATITUDE="3754.90761N"
LONGITUDE="12220.09117W"
KNOTS="0.048"
ANGLE=""
SATELLITES="10"
ALTITUDE="-1.5M"
ELLIPSOID_H="-29.5M"
GSA_3DFIX="3"
GST_SEMI_MAJOR=""
GST_SEMI_MINOR=""
GST_SEMI_ORIENT=""

PPS_MASK="3"
TIME_SYNC="1"
LOGGING="0"
### above lines are configurable ###
TIME_0MSEC_COUNT="1821"
TIME_ADJUSTED="23"
TIMEPULSE_COUNT="2152"
TIMEPULSE_DELTA="-229 us"
TIMEPULSE_ADJUSTED="1"
PPS_NO_INT="2152"
PPS_NO_EXT="0"
NMEA_LINES="165480"
NMEA_LINES_RMC="17661"
NMEA_LINES_GGA="17662"
NMEA_LINES_GSA="17663"
NMEA_LINES_GST="17661"
DROP_LINES_RMC="0"
DROP_LINES_GGA="0"
TIME="2020-09-15 05:13:19.00"
TIME_RMC="2020-09-15 05:13:19.00"
TIME_GGA="2020-09-15 05:13:19.00"
LATITUDE="3754.90761N"
LONGITUDE="12220.09117W"
KNOTS="0.048"
ANGLE=""
SATELLITES="10"
ALTITUDE="-1.5M"
ELLIPSOID_H="-29.5M"
GSA_3DFIX="3"
GST_SEMI_MAJOR=""
GST_SEMI_MINOR=""
GST_SEMI_ORIENT=""

PPS_MASK="3"
TIME_SYNC="1"
LOGGING="0"
### above lines are configurable ###
TIME_0MSEC_COUNT="1821"
TIME_ADJUSTED="23"
TIMEPULSE_COUNT="2152"
TIMEPULSE_DELTA="-229 us"
TIMEPULSE_ADJUSTED="1"
PPS_NO_INT="2152"
PPS_NO_EXT="0"
NMEA_LINES="165480"
NMEA_LINES_RMC="17661"
NMEA_LINES_GGA="17662"
NMEA_LINES_GSA="17663"
NMEA_LINES_GST="17661"
DROP_LINES_RMC="0"
DROP_LINES_GGA="0"
TIME="2020-09-15 05:13:19.00"
TIME_RMC="2020-09-15 05:13:19.00"
TIME_GGA="2020-09-15 05:13:19.00"
LATITUDE="3754.90761N"
LONGITUDE="12220.09117W"
KNOTS="0.048"
ANGLE=""
SATELLITES="10"
ALTITUDE="-1.5M"
ELLIPSOID_H="-29.5M"
GSA_3DFIX="3"
GST_SEMI_MAJOR=""
GST_SEMI_MINOR=""
GST_SEMI_ORIENT=""

PPS_MASK="3"
TIME_SYNC="1"
LOGGING="0"
### above lines are configurable ###
TIME_0MSEC_COUNT="1821"
TIME_ADJUSTED="23"
TIMEPULSE_COUNT="2152"
TIMEPULSE_DELTA="-229 us"
TIMEPULSE_ADJUSTED="1"
PPS_NO_INT="2152"
PPS_NO_EXT="0"
NMEA_LINES="165480"
NMEA_LINES_RMC="17661"
NMEA_LINES_GGA="17662"
NMEA_LINES_GSA="17663"
NMEA_LINES_GST="17661"
DROP_LINES_RMC="0"
DROP_LINES_GGA="0"
TIME="2020-09-15 05:13:19.00"
TIME_RMC="2020-09-15 05:13:19.00"
TIME_GGA="2020-09-15 05:13:19.00"
LATITUDE="3754.90761N"
LONGITUDE="12220.09117W"
KNOTS="0.048"
ANGLE=""
SATELLITES="10"
ALTITUDE="-1.5M"
ELLIPSOID_H="-29.5M"
GSA_3DFIX="3"
GST_SEMI_MAJOR=""
GST_SEMI_MINOR=""
GST_SEMI_ORIENT=""

PPS_MASK="3"
TIME_SYNC="1"
LOGGING="0"
### above lines are configurable ###
TIME_0MSEC_COUNT="1821"
TIME_ADJUSTED="23"
TIMEPULSE_COUNT="2152"
TIMEPULSE_DELTA="-229 us"
TIMEPULSE_ADJUSTED="1"
PPS_NO_INT="2152"
PPS_NO_EXT="0"
NMEA_LINES="165480"
NMEA_LINES_RMC="17661"
NMEA_LINES_GGA="17662"
NMEA_LINES_GSA="17663"
NMEA_LINES_GST="17661"
DROP_LINES_RMC="0"
DROP_LINES_GGA="0"
TIME="2020-09-15 05:13:19.00"
TIME_RMC="2020-09-15 05:13:19.00"
TIME_GGA="2020-09-15 05:13:19.00"
LATITUDE="3754.90761N"
LONGITUDE="12220.09117W"
KNOTS="0.048"
ANGLE=""
SATELLITES="10"
ALTITUDE="-1.5M"
ELLIPSOID_H="-29.5M"
GSA_3DFIX="3"
GST_SEMI_MAJOR=""
GST_SEMI_MINOR=""
GST_SEMI_ORIENT=""

PPS_MASK="3"
TIME_SYNC="1"
LOGGING="0"
### above lines are configurable ###
TIME_0MSEC_COUNT="1821"
TIME_ADJUSTED="23"
TIMEPULSE_COUNT="2152"
TIMEPULSE_DELTA="-229 us"
TIMEPULSE_ADJUSTED="1"
PPS_NO_INT="2152"
PPS_NO_EXT="0"
NMEA_LINES="165480"
NMEA_LINES_RMC="17661"
NMEA_LINES_GGA="17662"
NMEA_LINES_GSA="17663"
NMEA_LINES_GST="17661"
DROP_LINES_RMC="0"
DROP_LINES_GGA="0"
TIME="2020-09-15 05:13:19.00"
TIME_RMC="2020-09-15 05:13:19.00"
TIME_GGA="2020-09-15 05:13:19.00"
LATITUDE="3754.90761N"
LONGITUDE="12220.09117W"
KNOTS="0.048"
ANGLE=""
SATELLITES="10"
ALTITUDE="-1.5M"
ELLIPSOID_H="-29.5M"
GSA_3DFIX="3"
GST_SEMI_MAJOR=""
GST_SEMI_MINOR=""
GST_SEMI_ORIENT=""

PPS_MASK="3"
TIME_SYNC="1"
LOGGING="0"
### above lines are configurable ###
TIME_0MSEC_COUNT="1821"
TIME_ADJUSTED="23"
TIMEPULSE_COUNT="2152"
TIMEPULSE_DELTA="-229 us"
TIMEPULSE_ADJUSTED="1"
PPS_NO_INT="2152"
PPS_NO_EXT="0"
NMEA_LINES="165480"
NMEA_LINES_RMC="17661"
NMEA_LINES_GGA="17662"
NMEA_LINES_GSA="17663"
NMEA_LINES_GST="17661"
DROP_LINES_RMC="0"
DROP_LINES_GGA="0"
TIME="2020-09-15 05:13:19.00"
TIME_RMC="2020-09-15 05:13:19.00"
TIME_GGA="2020-09-15 05:13:19.00"
LATITUDE="3754.90761N"
LONGITUDE="12220.09117W"
KNOTS="0.048"
ANGLE=""
SATELLITES="10"
ALTITUDE="-1.5M"
ELLIPSOID_H="-29.5M"
GSA_3DFIX="3"
GST_SEMI_MAJOR=""
GST_SEMI_MINOR=""
GST_SEMI_ORIENT=""

PPS_MASK="3"
TIME_SYNC="1"
LOGGING="0"
### above lines are configurable ###
TIME_0MSEC_COUNT="1823"
TIME_ADJUSTED="23"
TIMEPULSE_COUNT="2152"
TIMEPULSE_DELTA="-229 us"
TIMEPULSE_ADJUSTED="1"
PPS_NO_INT="2152"
PPS_NO_EXT="0"
NMEA_LINES="165725"
NMEA_LINES_RMC="17688"
NMEA_LINES_GGA="17689"
NMEA_LINES_GSA="17690"
NMEA_LINES_GST="17689"
DROP_LINES_RMC="0"
DROP_LINES_GGA="0"
TIME="2020-09-15 05:13:21.70"
TIME_RMC="2020-09-15 05:13:21.70"
TIME_GGA="2020-09-15 05:13:21.70"
LATITUDE="3754.90760N"
LONGITUDE="12220.09119W"
KNOTS="0.013"
ANGLE=""
SATELLITES="10"
ALTITUDE="-1.6M"
ELLIPSOID_H="-29.5M"
GSA_3DFIX="3"
GST_SEMI_MAJOR=""
GST_SEMI_MINOR=""
GST_SEMI_ORIENT=""

PPS_MASK="3"
TIME_SYNC="1"
LOGGING="0"
### above lines are configurable ###
TIME_0MSEC_COUNT="1823"
TIME_ADJUSTED="23"
TIMEPULSE_COUNT="2152"
TIMEPULSE_DELTA="-229 us"
TIMEPULSE_ADJUSTED="1"
PPS_NO_INT="2152"
PPS_NO_EXT="0"
NMEA_LINES="165725"
NMEA_LINES_RMC="17688"
NMEA_LINES_GGA="17689"
NMEA_LINES_GSA="17690"
NMEA_LINES_GST="17689"
DROP_LINES_RMC="0"
DROP_LINES_GGA="0"
TIME="2020-09-15 05:13:21.70"
TIME_RMC="2020-09-15 05:13:21.70"
TIME_GGA="2020-09-15 05:13:21.70"
LATITUDE="3754.90760N"
LONGITUDE="12220.09119W"
KNOTS="0.013"
ANGLE=""
SATELLITES="10"
ALTITUDE="-1.6M"
ELLIPSOID_H="-29.5M"
GSA_3DFIX="3"
GST_SEMI_MAJOR=""
GST_SEMI_MINOR=""
GST_SEMI_ORIENT=""

PPS_MASK="3"
TIME_SYNC="1"
LOGGING="0"
### above lines are configurable ###
TIME_0MSEC_COUNT="1823"
TIME_ADJUSTED="23"
TIMEPULSE_COUNT="2153"
TIMEPULSE_DELTA="-159 us"
TIMEPULSE_ADJUSTED="1"
PPS_NO_INT="2153"
PPS_NO_EXT="0"
NMEA_LINES="165725"
NMEA_LINES_RMC="17688"
NMEA_LINES_GGA="17689"
NMEA_LINES_GSA="17690"
NMEA_LINES_GST="17689"
DROP_LINES_RMC="0"
DROP_LINES_GGA="0"
TIME="2020-09-15 05:13:21.70"
TIME_RMC="2020-09-15 05:13:21.70"
TIME_GGA="2020-09-15 05:13:21.70"
LATITUDE="3754.90760N"
LONGITUDE="12220.09119W"
KNOTS="0.013"
ANGLE=""
SATELLITES="10"
ALTITUDE="-1.6M"
ELLIPSOID_H="-29.5M"
GSA_3DFIX="3"
GST_SEMI_MAJOR=""
GST_SEMI_MINOR=""
GST_SEMI_ORIENT=""

PPS_MASK="3"
TIME_SYNC="1"
LOGGING="0"
### above lines are configurable ###
TIME_0MSEC_COUNT="1823"
TIME_ADJUSTED="23"
TIMEPULSE_COUNT="2153"
TIMEPULSE_DELTA="-159 us"
TIMEPULSE_ADJUSTED="1"
PPS_NO_INT="2153"
PPS_NO_EXT="0"
NMEA_LINES="165725"
NMEA_LINES_RMC="17688"
NMEA_LINES_GGA="17689"
NMEA_LINES_GSA="17690"
NMEA_LINES_GST="17689"
DROP_LINES_RMC="0"
DROP_LINES_GGA="0"
TIME="2020-09-15 05:13:21.70"
TIME_RMC="2020-09-15 05:13:21.70"
TIME_GGA="2020-09-15 05:13:21.70"
LATITUDE="3754.90760N"
LONGITUDE="12220.09119W"
KNOTS="0.013"
ANGLE=""
SATELLITES="10"
ALTITUDE="-1.6M"
ELLIPSOID_H="-29.5M"
GSA_3DFIX="3"
GST_SEMI_MAJOR=""
GST_SEMI_MINOR=""
GST_SEMI_ORIENT=""

PPS_MASK="3"
TIME_SYNC="1"
LOGGING="0"
### above lines are configurable ###
TIME_0MSEC_COUNT="1823"
TIME_ADJUSTED="23"
TIMEPULSE_COUNT="2153"
TIMEPULSE_DELTA="-159 us"
TIMEPULSE_ADJUSTED="1"
PPS_NO_INT="2153"
PPS_NO_EXT="0"
NMEA_LINES="165725"
NMEA_LINES_RMC="17688"
NMEA_LINES_GGA="17689"
NMEA_LINES_GSA="17690"
NMEA_LINES_GST="17689"
DROP_LINES_RMC="0"
DROP_LINES_GGA="0"
TIME="2020-09-15 05:13:21.70"
TIME_RMC="2020-09-15 05:13:21.70"
TIME_GGA="2020-09-15 05:13:21.70"
LATITUDE="3754.90760N"
LONGITUDE="12220.09119W"
KNOTS="0.013"
ANGLE=""
SATELLITES="10"
ALTITUDE="-1.6M"
ELLIPSOID_H="-29.5M"
GSA_3DFIX="3"
GST_SEMI_MAJOR=""
GST_SEMI_MINOR=""
GST_SEMI_ORIENT=""

PPS_MASK="3"
TIME_SYNC="1"
LOGGING="0"
### above lines are configurable ###
TIME_0MSEC_COUNT="1823"
TIME_ADJUSTED="23"
TIMEPULSE_COUNT="2153"
TIMEPULSE_DELTA="-159 us"
TIMEPULSE_ADJUSTED="1"
PPS_NO_INT="2153"
PPS_NO_EXT="0"
NMEA_LINES="165725"
NMEA_LINES_RMC="17688"
NMEA_LINES_GGA="17689"
NMEA_LINES_GSA="17690"
NMEA_LINES_GST="17689"
DROP_LINES_RMC="0"
DROP_LINES_GGA="0"
TIME="2020-09-15 05:13:21.70"
TIME_RMC="2020-09-15 05:13:21.70"
TIME_GGA="2020-09-15 05:13:21.70"
LATITUDE="3754.90760N"
LONGITUDE="12220.09119W"
KNOTS="0.013"
ANGLE=""
SATELLITES="10"
ALTITUDE="-1.6M"
ELLIPSOID_H="-29.5M"
GSA_3DFIX="3"
GST_SEMI_MAJOR=""
GST_SEMI_MINOR=""
GST_SEMI_ORIENT=""

PPS_MASK="3"
TIME_SYNC="1"
LOGGING="0"
### above lines are configurable ###
TIME_0MSEC_COUNT="1823"
TIME_ADJUSTED="23"
TIMEPULSE_COUNT="2153"
TIMEPULSE_DELTA="-159 us"
TIMEPULSE_ADJUSTED="1"
PPS_NO_INT="2153"
PPS_NO_EXT="0"
NMEA_LINES="165725"
NMEA_LINES_RMC="17688"
NMEA_LINES_GGA="17689"
NMEA_LINES_GSA="17690"
NMEA_LINES_GST="17689"
DROP_LINES_RMC="0"
DROP_LINES_GGA="0"
TIME="2020-09-15 05:13:21.70"
TIME_RMC="2020-09-15 05:13:21.70"
TIME_GGA="2020-09-15 05:13:21.70"
LATITUDE="3754.90760N"
LONGITUDE="12220.09119W"
KNOTS="0.013"
ANGLE=""
SATELLITES="10"
ALTITUDE="-1.6M"
ELLIPSOID_H="-29.5M"
GSA_3DFIX="3"
GST_SEMI_MAJOR=""
GST_SEMI_MINOR=""
GST_SEMI_ORIENT=""

PPS_MASK="3"
TIME_SYNC="1"
LOGGING="0"
### above lines are configurable ###
TIME_0MSEC_COUNT="1823"
TIME_ADJUSTED="23"
TIMEPULSE_COUNT="2153"
TIMEPULSE_DELTA="-159 us"
TIMEPULSE_ADJUSTED="1"
PPS_NO_INT="2153"
PPS_NO_EXT="0"
NMEA_LINES="165725"
NMEA_LINES_RMC="17688"
NMEA_LINES_GGA="17689"
NMEA_LINES_GSA="17690"
NMEA_LINES_GST="17689"
DROP_LINES_RMC="0"
DROP_LINES_GGA="0"
TIME="2020-09-15 05:13:21.70"
TIME_RMC="2020-09-15 05:13:21.70"
TIME_GGA="2020-09-15 05:13:21.70"
LATITUDE="3754.90760N"
LONGITUDE="12220.09119W"
KNOTS="0.013"
ANGLE=""
SATELLITES="10"
ALTITUDE="-1.6M"
ELLIPSOID_H="-29.5M"
GSA_3DFIX="3"
GST_SEMI_MAJOR=""
GST_SEMI_MINOR=""
GST_SEMI_ORIENT=""

PPS_MASK="3"
TIME_SYNC="1"
LOGGING="0"
### above lines are configurable ###
TIME_0MSEC_COUNT="1823"
TIME_ADJUSTED="23"
TIMEPULSE_COUNT="2153"
TIMEPULSE_DELTA="-159 us"
TIMEPULSE_ADJUSTED="1"
PPS_NO_INT="2153"
PPS_NO_EXT="0"
NMEA_LINES="165725"
NMEA_LINES_RMC="17688"
NMEA_LINES_GGA="17689"
NMEA_LINES_GSA="17690"
NMEA_LINES_GST="17689"
DROP_LINES_RMC="0"
DROP_LINES_GGA="0"
TIME="2020-09-15 05:13:21.70"
TIME_RMC="2020-09-15 05:13:21.70"
TIME_GGA="2020-09-15 05:13:21.70"
LATITUDE="3754.90760N"
LONGITUDE="12220.09119W"
KNOTS="0.013"
ANGLE=""
SATELLITES="10"
ALTITUDE="-1.6M"
ELLIPSOID_H="-29.5M"
GSA_3DFIX="3"
GST_SEMI_MAJOR=""
GST_SEMI_MINOR=""
GST_SEMI_ORIENT=""

PPS_MASK="3"
TIME_SYNC="1"
LOGGING="0"
### above lines are configurable ###
TIME_0MSEC_COUNT="1823"
TIME_ADJUSTED="23"
TIMEPULSE_COUNT="2153"
TIMEPULSE_DELTA="-159 us"
TIMEPULSE_ADJUSTED="1"
PPS_NO_INT="2153"
PPS_NO_EXT="0"
NMEA_LINES="165725"
NMEA_LINES_RMC="17688"
NMEA_LINES_GGA="17689"
NMEA_LINES_GSA="17690"
NMEA_LINES_GST="17689"
DROP_LINES_RMC="0"
DROP_LINES_GGA="0"
TIME="2020-09-15 05:13:21.70"
TIME_RMC="2020-09-15 05:13:21.70"
TIME_GGA="2020-09-15 05:13:21.70"
LATITUDE="3754.90760N"
LONGITUDE="12220.09119W"
KNOTS="0.013"
ANGLE=""
SATELLITES="10"
ALTITUDE="-1.6M"
ELLIPSOID_H="-29.5M"
GSA_3DFIX="3"
GST_SEMI_MAJOR=""
GST_SEMI_MINOR=""
GST_SEMI_ORIENT=""

PPS_MASK="3"
TIME_SYNC="1"
LOGGING="0"
### above lines are configurable ###
TIME_0MSEC_COUNT="1823"
TIME_ADJUSTED="23"
TIMEPULSE_COUNT="2153"
TIMEPULSE_DELTA="-159 us"
TIMEPULSE_ADJUSTED="1"
PPS_NO_INT="2153"
PPS_NO_EXT="0"
NMEA_LINES="165725"
NMEA_LINES_RMC="17688"
NMEA_LINES_GGA="17689"
NMEA_LINES_GSA="17690"
NMEA_LINES_GST="17689"
DROP_LINES_RMC="0"
DROP_LINES_GGA="0"
TIME="2020-09-15 05:13:21.70"
TIME_RMC="2020-09-15 05:13:21.70"
TIME_GGA="2020-09-15 05:13:21.70"
LATITUDE="3754.90760N"
LONGITUDE="12220.09119W"
KNOTS="0.013"
ANGLE=""
SATELLITES="10"
ALTITUDE="-1.6M"
ELLIPSOID_H="-29.5M"
GSA_3DFIX="3"
GST_SEMI_MAJOR=""
GST_SEMI_MINOR=""
GST_SEMI_ORIENT=""

PPS_MASK="3"
TIME_SYNC="1"
LOGGING="0"
### above lines are configurable ###
TIME_0MSEC_COUNT="1823"
TIME_ADJUSTED="23"
TIMEPULSE_COUNT="2153"
TIMEPULSE_DELTA="-159 us"
TIMEPULSE_ADJUSTED="1"
PPS_NO_INT="2153"
PPS_NO_EXT="0"
NMEA_LINES="165725"
NMEA_LINES_RMC="17688"
NMEA_LINES_GGA="17689"
NMEA_LINES_GSA="17690"
NMEA_LINES_GST="17689"
DROP_LINES_RMC="0"
DROP_LINES_GGA="0"
TIME="2020-09-15 05:13:21.70"
TIME_RMC="2020-09-15 05:13:21.70"
TIME_GGA="2020-09-15 05:13:21.70"
LATITUDE="3754.90760N"
LONGITUDE="12220.09119W"
KNOTS="0.013"
ANGLE=""
SATELLITES="10"
ALTITUDE="-1.6M"
ELLIPSOID_H="-29.5M"
GSA_3DFIX="3"
GST_SEMI_MAJOR=""
GST_SEMI_MINOR=""
GST_SEMI_ORIENT=""

PPS_MASK="3"
TIME_SYNC="1"
LOGGING="0"
### above lines are configurable ###
TIME_0MSEC_COUNT="1823"
TIME_ADJUSTED="23"
TIMEPULSE_COUNT="2153"
TIMEPULSE_DELTA="-159 us"
TIMEPULSE_ADJUSTED="1"
PPS_NO_INT="2153"
PPS_NO_EXT="0"
NMEA_LINES="165725"
NMEA_LINES_RMC="17688"
NMEA_LINES_GGA="17689"
NMEA_LINES_GSA="17690"
NMEA_LINES_GST="17689"
DROP_LINES_RMC="0"
DROP_LINES_GGA="0"
TIME="2020-09-15 05:13:21.70"
TIME_RMC="2020-09-15 05:13:21.70"
TIME_GGA="2020-09-15 05:13:21.70"
LATITUDE="3754.90760N"
LONGITUDE="12220.09119W"
KNOTS="0.013"
ANGLE=""
SATELLITES="10"
ALTITUDE="-1.6M"
ELLIPSOID_H="-29.5M"
GSA_3DFIX="3"
GST_SEMI_MAJOR=""
GST_SEMI_MINOR=""
GST_SEMI_ORIENT=""

PPS_MASK="3"
TIME_SYNC="1"
LOGGING="0"
### above lines are configurable ###
TIME_0MSEC_COUNT="1823"
TIME_ADJUSTED="23"
TIMEPULSE_COUNT="2153"
TIMEPULSE_DELTA="-159 us"
TIMEPULSE_ADJUSTED="1"
PPS_NO_INT="2153"
PPS_NO_EXT="0"
NMEA_LINES="165725"
NMEA_LINES_RMC="17688"
NMEA_LINES_GGA="17689"
NMEA_LINES_GSA="17690"
NMEA_LINES_GST="17689"
DROP_LINES_RMC="0"
DROP_LINES_GGA="0"
TIME="2020-09-15 05:13:21.70"
TIME_RMC="2020-09-15 05:13:21.70"
TIME_GGA="2020-09-15 05:13:21.70"
LATITUDE="3754.90760N"
LONGITUDE="12220.09119W"
KNOTS="0.013"
ANGLE=""
SATELLITES="10"
ALTITUDE="-1.6M"
ELLIPSOID_H="-29.5M"
GSA_3DFIX="3"
GST_SEMI_MAJOR=""
GST_SEMI_MINOR=""
GST_SEMI_ORIENT=""

PPS_MASK="3"
TIME_SYNC="1"
LOGGING="0"
### above lines are configurable ###
TIME_0MSEC_COUNT="1823"
TIME_ADJUSTED="23"
TIMEPULSE_COUNT="2153"
TIMEPULSE_DELTA="-159 us"
TIMEPULSE_ADJUSTED="1"
PPS_NO_INT="2153"
PPS_NO_EXT="0"
NMEA_LINES="165725"
NMEA_LINES_RMC="17688"
NMEA_LINES_GGA="17689"
NMEA_LINES_GSA="17690"
NMEA_LINES_GST="17689"
DROP_LINES_RMC="0"
DROP_LINES_GGA="0"
TIME="2020-09-15 05:13:21.70"
TIME_RMC="2020-09-15 05:13:21.70"
TIME_GGA="2020-09-15 05:13:21.70"
LATITUDE="3754.90760N"
LONGITUDE="12220.09119W"
KNOTS="0.013"
ANGLE=""
SATELLITES="10"
ALTITUDE="-1.6M"
ELLIPSOID_H="-29.5M"
GSA_3DFIX="3"
GST_SEMI_MAJOR=""
GST_SEMI_MINOR=""
GST_SEMI_ORIENT=""

PPS_MASK="3"
TIME_SYNC="1"
LOGGING="0"
### above lines are configurable ###
TIME_0MSEC_COUNT="1823"
TIME_ADJUSTED="23"
TIMEPULSE_COUNT="2154"
TIMEPULSE_DELTA="-172 us"
TIMEPULSE_ADJUSTED="1"
PPS_NO_INT="2154"
PPS_NO_EXT="0"
NMEA_LINES="165725"
NMEA_LINES_RMC="17688"
NMEA_LINES_GGA="17689"
NMEA_LINES_GSA="17690"
NMEA_LINES_GST="17689"
DROP_LINES_RMC="0"
DROP_LINES_GGA="0"
TIME="2020-09-15 05:13:21.70"
TIME_RMC="2020-09-15 05:13:21.70"
TIME_GGA="2020-09-15 05:13:21.70"
LATITUDE="3754.90760N"
LONGITUDE="12220.09119W"
KNOTS="0.013"
ANGLE=""
SATELLITES="10"
ALTITUDE="-1.6M"
ELLIPSOID_H="-29.5M"
GSA_3DFIX="3"
GST_SEMI_MAJOR=""
GST_SEMI_MINOR=""
GST_SEMI_ORIENT=""

PPS_MASK="3"
TIME_SYNC="1"
LOGGING="0"
### above lines are configurable ###
TIME_0MSEC_COUNT="1823"
TIME_ADJUSTED="23"
TIMEPULSE_COUNT="2154"
TIMEPULSE_DELTA="-172 us"
TIMEPULSE_ADJUSTED="1"
PPS_NO_INT="2154"
PPS_NO_EXT="0"
NMEA_LINES="165725"
NMEA_LINES_RMC="17688"
NMEA_LINES_GGA="17689"
NMEA_LINES_GSA="17690"
NMEA_LINES_GST="17689"
DROP_LINES_RMC="0"
DROP_LINES_GGA="0"
TIME="2020-09-15 05:13:21.70"
TIME_RMC="2020-09-15 05:13:21.70"
TIME_GGA="2020-09-15 05:13:21.70"
LATITUDE="3754.90760N"
LONGITUDE="12220.09119W"
KNOTS="0.013"
ANGLE=""
SATELLITES="10"
ALTITUDE="-1.6M"
ELLIPSOID_H="-29.5M"
GSA_3DFIX="3"
GST_SEMI_MAJOR=""
GST_SEMI_MINOR=""
GST_SEMI_ORIENT=""

PPS_MASK="3"
TIME_SYNC="1"
LOGGING="0"
### above lines are configurable ###
TIME_0MSEC_COUNT="1823"
TIME_ADJUSTED="23"
TIMEPULSE_COUNT="2154"
TIMEPULSE_DELTA="-172 us"
TIMEPULSE_ADJUSTED="1"
PPS_NO_INT="2154"
PPS_NO_EXT="0"
NMEA_LINES="165725"
NMEA_LINES_RMC="17688"
NMEA_LINES_GGA="17689"
NMEA_LINES_GSA="17690"
NMEA_LINES_GST="17689"
DROP_LINES_RMC="0"
DROP_LINES_GGA="0"
TIME="2020-09-15 05:13:21.70"
TIME_RMC="2020-09-15 05:13:21.70"
TIME_GGA="2020-09-15 05:13:21.70"
LATITUDE="3754.90760N"
LONGITUDE="12220.09119W"
KNOTS="0.013"
ANGLE=""
SATELLITES="10"
ALTITUDE="-1.6M"
ELLIPSOID_H="-29.5M"
GSA_3DFIX="3"
GST_SEMI_MAJOR=""
GST_SEMI_MINOR=""
GST_SEMI_ORIENT=""

PPS_MASK="3"
TIME_SYNC="1"
LOGGING="0"
### above lines are configurable ###
TIME_0MSEC_COUNT="1823"
TIME_ADJUSTED="23"
TIMEPULSE_COUNT="2154"
TIMEPULSE_DELTA="-172 us"
TIMEPULSE_ADJUSTED="1"
PPS_NO_INT="2154"
PPS_NO_EXT="0"
NMEA_LINES="165725"
NMEA_LINES_RMC="17688"
NMEA_LINES_GGA="17689"
NMEA_LINES_GSA="17690"
NMEA_LINES_GST="17689"
DROP_LINES_RMC="0"
DROP_LINES_GGA="0"
TIME="2020-09-15 05:13:21.70"
TIME_RMC="2020-09-15 05:13:21.70"
TIME_GGA="2020-09-15 05:13:21.70"
LATITUDE="3754.90760N"
LONGITUDE="12220.09119W"
KNOTS="0.013"
ANGLE=""
SATELLITES="10"
ALTITUDE="-1.6M"
ELLIPSOID_H="-29.5M"
GSA_3DFIX="3"
GST_SEMI_MAJOR=""
GST_SEMI_MINOR=""
GST_SEMI_ORIENT=""

PPS_MASK="3"
TIME_SYNC="1"
LOGGING="0"
### above lines are configurable ###
TIME_0MSEC_COUNT="1823"
TIME_ADJUSTED="23"
TIMEPULSE_COUNT="2154"
TIMEPULSE_DELTA="-172 us"
TIMEPULSE_ADJUSTED="1"
PPS_NO_INT="2154"
PPS_NO_EXT="0"
NMEA_LINES="165725"
NMEA_LINES_RMC="17688"
NMEA_LINES_GGA="17689"
NMEA_LINES_GSA="17690"
NMEA_LINES_GST="17689"
DROP_LINES_RMC="0"
DROP_LINES_GGA="0"
TIME="2020-09-15 05:13:21.70"
TIME_RMC="2020-09-15 05:13:21.70"
TIME_GGA="2020-09-15 05:13:21.70"
LATITUDE="3754.90760N"
LONGITUDE="12220.09119W"
KNOTS="0.013"
ANGLE=""
SATELLITES="10"
ALTITUDE="-1.6M"
ELLIPSOID_H="-29.5M"
GSA_3DFIX="3"
GST_SEMI_MAJOR=""
GST_SEMI_MINOR=""
GST_SEMI_ORIENT=""

PPS_MASK="3"
TIME_SYNC="1"
LOGGING="0"
### above lines are configurable ###
TIME_0MSEC_COUNT="1823"
TIME_ADJUSTED="23"
TIMEPULSE_COUNT="2154"
TIMEPULSE_DELTA="-172 us"
TIMEPULSE_ADJUSTED="1"
PPS_NO_INT="2154"
PPS_NO_EXT="0"
NMEA_LINES="165725"
NMEA_LINES_RMC="17688"
NMEA_LINES_GGA="17689"
NMEA_LINES_GSA="17690"
NMEA_LINES_GST="17689"
DROP_LINES_RMC="0"
DROP_LINES_GGA="0"
TIME="2020-09-15 05:13:21.70"
TIME_RMC="2020-09-15 05:13:21.70"
TIME_GGA="2020-09-15 05:13:21.70"
LATITUDE="3754.90760N"
LONGITUDE="12220.09119W"
KNOTS="0.013"
ANGLE=""
SATELLITES="10"
ALTITUDE="-1.6M"
ELLIPSOID_H="-29.5M"
GSA_3DFIX="3"
GST_SEMI_MAJOR=""
GST_SEMI_MINOR=""
GST_SEMI_ORIENT=""

PPS_MASK="3"
TIME_SYNC="1"
LOGGING="0"
### above lines are configurable ###
TIME_0MSEC_COUNT="1823"
TIME_ADJUSTED="23"
TIMEPULSE_COUNT="2154"
TIMEPULSE_DELTA="-172 us"
TIMEPULSE_ADJUSTED="1"
PPS_NO_INT="2154"
PPS_NO_EXT="0"
NMEA_LINES="165725"
NMEA_LINES_RMC="17688"
NMEA_LINES_GGA="17689"
NMEA_LINES_GSA="17690"
NMEA_LINES_GST="17689"
DROP_LINES_RMC="0"
DROP_LINES_GGA="0"
TIME="2020-09-15 05:13:21.70"
TIME_RMC="2020-09-15 05:13:21.70"
TIME_GGA="2020-09-15 05:13:21.70"
LATITUDE="3754.90760N"
LONGITUDE="12220.09119W"
KNOTS="0.013"
ANGLE=""
SATELLITES="10"
ALTITUDE="-1.6M"
ELLIPSOID_H="-29.5M"
GSA_3DFIX="3"
GST_SEMI_MAJOR=""
GST_SEMI_MINOR=""
GST_SEMI_ORIENT=""

PPS_MASK="3"
TIME_SYNC="1"
LOGGING="0"
### above lines are configurable ###
TIME_0MSEC_COUNT="1823"
TIME_ADJUSTED="23"
TIMEPULSE_COUNT="2154"
TIMEPULSE_DELTA="-172 us"
TIMEPULSE_ADJUSTED="1"
PPS_NO_INT="2154"
PPS_NO_EXT="0"
NMEA_LINES="165725"
NMEA_LINES_RMC="17688"
NMEA_LINES_GGA="17689"
NMEA_LINES_GSA="17690"
NMEA_LINES_GST="17689"
DROP_LINES_RMC="0"
DROP_LINES_GGA="0"
TIME="2020-09-15 05:13:21.70"
TIME_RMC="2020-09-15 05:13:21.70"
TIME_GGA="2020-09-15 05:13:21.70"
LATITUDE="3754.90760N"
LONGITUDE="12220.09119W"
KNOTS="0.013"
ANGLE=""
SATELLITES="10"
ALTITUDE="-1.6M"
ELLIPSOID_H="-29.5M"
GSA_3DFIX="3"
GST_SEMI_MAJOR=""
GST_SEMI_MINOR=""
GST_SEMI_ORIENT=""

PPS_MASK="3"
TIME_SYNC="1"
LOGGING="0"
### above lines are configurable ###
TIME_0MSEC_COUNT="1823"
TIME_ADJUSTED="23"
TIMEPULSE_COUNT="2154"
TIMEPULSE_DELTA="-172 us"
TIMEPULSE_ADJUSTED="1"
PPS_NO_INT="2154"
PPS_NO_EXT="0"
NMEA_LINES="165725"
NMEA_LINES_RMC="17688"
NMEA_LINES_GGA="17689"
NMEA_LINES_GSA="17690"
NMEA_LINES_GST="17689"
DROP_LINES_RMC="0"
DROP_LINES_GGA="0"
TIME="2020-09-15 05:13:21.70"
TIME_RMC="2020-09-15 05:13:21.70"
TIME_GGA="2020-09-15 05:13:21.70"
LATITUDE="3754.90760N"
LONGITUDE="12220.09119W"
KNOTS="0.013"
ANGLE=""
SATELLITES="10"
ALTITUDE="-1.6M"
ELLIPSOID_H="-29.5M"
GSA_3DFIX="3"
GST_SEMI_MAJOR=""
GST_SEMI_MINOR=""
GST_SEMI_ORIENT=""

PPS_MASK="3"
TIME_SYNC="1"
LOGGING="0"
### above lines are configurable ###
TIME_0MSEC_COUNT="1823"
TIME_ADJUSTED="23"
TIMEPULSE_COUNT="2154"
TIMEPULSE_DELTA="-172 us"
TIMEPULSE_ADJUSTED="1"
PPS_NO_INT="2154"
PPS_NO_EXT="0"
NMEA_LINES="165725"
NMEA_LINES_RMC="17688"
NMEA_LINES_GGA="17689"
NMEA_LINES_GSA="17690"
NMEA_LINES_GST="17689"
DROP_LINES_RMC="0"
DROP_LINES_GGA="0"
TIME="2020-09-15 05:13:21.70"
TIME_RMC="2020-09-15 05:13:21.70"
TIME_GGA="2020-09-15 05:13:21.70"
LATITUDE="3754.90760N"
LONGITUDE="12220.09119W"
KNOTS="0.013"
ANGLE=""
SATELLITES="10"
ALTITUDE="-1.6M"
ELLIPSOID_H="-29.5M"
GSA_3DFIX="3"
GST_SEMI_MAJOR=""
GST_SEMI_MINOR=""
GST_SEMI_ORIENT=""

PPS_MASK="3"
TIME_SYNC="1"
LOGGING="0"
### above lines are configurable ###
TIME_0MSEC_COUNT="1823"
TIME_ADJUSTED="23"
TIMEPULSE_COUNT="2154"
TIMEPULSE_DELTA="-172 us"
TIMEPULSE_ADJUSTED="1"
PPS_NO_INT="2154"
PPS_NO_EXT="0"
NMEA_LINES="165725"
NMEA_LINES_RMC="17688"
NMEA_LINES_GGA="17689"
NMEA_LINES_GSA="17690"
NMEA_LINES_GST="17689"
DROP_LINES_RMC="0"
DROP_LINES_GGA="0"
TIME="2020-09-15 05:13:21.70"
TIME_RMC="2020-09-15 05:13:21.70"
TIME_GGA="2020-09-15 05:13:21.70"
LATITUDE="3754.90760N"
LONGITUDE="12220.09119W"
KNOTS="0.013"
ANGLE=""
SATELLITES="10"
ALTITUDE="-1.6M"
ELLIPSOID_H="-29.5M"
GSA_3DFIX="3"
GST_SEMI_MAJOR=""
GST_SEMI_MINOR=""
GST_SEMI_ORIENT=""

PPS_MASK="3"
TIME_SYNC="1"
LOGGING="0"
### above lines are configurable ###
TIME_0MSEC_COUNT="1823"
TIME_ADJUSTED="23"
TIMEPULSE_COUNT="2154"
TIMEPULSE_DELTA="-172 us"
TIMEPULSE_ADJUSTED="1"
PPS_NO_INT="2154"
PPS_NO_EXT="0"
NMEA_LINES="165725"
NMEA_LINES_RMC="17688"
NMEA_LINES_GGA="17689"
NMEA_LINES_GSA="17690"
NMEA_LINES_GST="17689"
DROP_LINES_RMC="0"
DROP_LINES_GGA="0"
TIME="2020-09-15 05:13:21.70"
TIME_RMC="2020-09-15 05:13:21.70"
TIME_GGA="2020-09-15 05:13:21.70"
LATITUDE="3754.90760N"
LONGITUDE="12220.09119W"
KNOTS="0.013"
ANGLE=""
SATELLITES="10"
ALTITUDE="-1.6M"
ELLIPSOID_H="-29.5M"
GSA_3DFIX="3"
GST_SEMI_MAJOR=""
GST_SEMI_MINOR=""
GST_SEMI_ORIENT=""

PPS_MASK="3"
TIME_SYNC="1"
LOGGING="0"
### above lines are configurable ###
TIME_0MSEC_COUNT="1823"
TIME_ADJUSTED="23"
TIMEPULSE_COUNT="2155"
TIMEPULSE_DELTA="-149 us"
TIMEPULSE_ADJUSTED="1"
PPS_NO_INT="2155"
PPS_NO_EXT="0"
NMEA_LINES="165725"
NMEA_LINES_RMC="17688"
NMEA_LINES_GGA="17689"
NMEA_LINES_GSA="17690"
NMEA_LINES_GST="17689"
DROP_LINES_RMC="0"
DROP_LINES_GGA="0"
TIME="2020-09-15 05:13:21.70"
TIME_RMC="2020-09-15 05:13:21.70"
TIME_GGA="2020-09-15 05:13:21.70"
LATITUDE="3754.90760N"
LONGITUDE="12220.09119W"
KNOTS="0.013"
ANGLE=""
SATELLITES="10"
ALTITUDE="-1.6M"
ELLIPSOID_H="-29.5M"
GSA_3DFIX="3"
GST_SEMI_MAJOR=""
GST_SEMI_MINOR=""
GST_SEMI_ORIENT=""

PPS_MASK="3"
TIME_SYNC="1"
LOGGING="0"
### above lines are configurable ###
TIME_0MSEC_COUNT="1823"
TIME_ADJUSTED="23"
TIMEPULSE_COUNT="2155"
TIMEPULSE_DELTA="-149 us"
TIMEPULSE_ADJUSTED="1"
PPS_NO_INT="2155"
PPS_NO_EXT="0"
NMEA_LINES="165725"
NMEA_LINES_RMC="17688"
NMEA_LINES_GGA="17689"
NMEA_LINES_GSA="17690"
NMEA_LINES_GST="17689"
DROP_LINES_RMC="0"
DROP_LINES_GGA="0"
TIME="2020-09-15 05:13:21.70"
TIME_RMC="2020-09-15 05:13:21.70"
TIME_GGA="2020-09-15 05:13:21.70"
LATITUDE="3754.90760N"
LONGITUDE="12220.09119W"
KNOTS="0.013"
ANGLE=""
SATELLITES="10"
ALTITUDE="-1.6M"
ELLIPSOID_H="-29.5M"
GSA_3DFIX="3"
GST_SEMI_MAJOR=""
GST_SEMI_MINOR=""
GST_SEMI_ORIENT=""

PPS_MASK="3"
TIME_SYNC="1"
LOGGING="0"
### above lines are configurable ###
TIME_0MSEC_COUNT="1823"
TIME_ADJUSTED="23"
TIMEPULSE_COUNT="2155"
TIMEPULSE_DELTA="-149 us"
TIMEPULSE_ADJUSTED="1"
PPS_NO_INT="2155"
PPS_NO_EXT="0"
NMEA_LINES="165725"
NMEA_LINES_RMC="17688"
NMEA_LINES_GGA="17689"
NMEA_LINES_GSA="17690"
NMEA_LINES_GST="17689"
DROP_LINES_RMC="0"
DROP_LINES_GGA="0"
TIME="2020-09-15 05:13:21.70"
TIME_RMC="2020-09-15 05:13:21.70"
TIME_GGA="2020-09-15 05:13:21.70"
LATITUDE="3754.90760N"
LONGITUDE="12220.09119W"
KNOTS="0.013"
ANGLE=""
SATELLITES="10"
ALTITUDE="-1.6M"
ELLIPSOID_H="-29.5M"
GSA_3DFIX="3"
GST_SEMI_MAJOR=""
GST_SEMI_MINOR=""
GST_SEMI_ORIENT=""

PPS_MASK="3"
TIME_SYNC="1"
LOGGING="0"
### above lines are configurable ###
TIME_0MSEC_COUNT="1826"
TIME_ADJUSTED="26"
TIMEPULSE_COUNT="2155"
TIMEPULSE_DELTA="-149 us"
TIMEPULSE_ADJUSTED="1"
PPS_NO_INT="2155"
PPS_NO_EXT="0"
NMEA_LINES="165937"
NMEA_LINES_RMC="17712"
NMEA_LINES_GGA="17713"
NMEA_LINES_GSA="17714"
NMEA_LINES_GST="17712"
DROP_LINES_RMC="0"
DROP_LINES_GGA="0"
TIME="2020-09-15 05:13:24.10"
TIME_RMC="2020-09-15 05:13:24.10"
TIME_GGA="2020-09-15 05:13:24.10"
LATITUDE="3754.90759N"
LONGITUDE="12220.09121W"
KNOTS="0.037"
ANGLE=""
SATELLITES="10"
ALTITUDE="-1.6M"
ELLIPSOID_H="-29.5M"
GSA_3DFIX="3"
GST_SEMI_MAJOR=""
GST_SEMI_MINOR=""
GST_SEMI_ORIENT=""

PPS_MASK="3"
TIME_SYNC="1"
LOGGING="0"
### above lines are configurable ###
TIME_0MSEC_COUNT="1826"
TIME_ADJUSTED="26"
TIMEPULSE_COUNT="2155"
TIMEPULSE_DELTA="-149 us"
TIMEPULSE_ADJUSTED="1"
PPS_NO_INT="2155"
PPS_NO_EXT="0"
NMEA_LINES="165937"
NMEA_LINES_RMC="17712"
NMEA_LINES_GGA="17713"
NMEA_LINES_GSA="17714"
NMEA_LINES_GST="17712"
DROP_LINES_RMC="0"
DROP_LINES_GGA="0"
TIME="2020-09-15 05:13:24.10"
TIME_RMC="2020-09-15 05:13:24.10"
TIME_GGA="2020-09-15 05:13:24.10"
LATITUDE="3754.90759N"
LONGITUDE="12220.09121W"
KNOTS="0.037"
ANGLE=""
SATELLITES="10"
ALTITUDE="-1.6M"
ELLIPSOID_H="-29.5M"
GSA_3DFIX="3"
GST_SEMI_MAJOR=""
GST_SEMI_MINOR=""
GST_SEMI_ORIENT=""

PPS_MASK="3"
TIME_SYNC="1"
LOGGING="0"
### above lines are configurable ###
TIME_0MSEC_COUNT="1826"
TIME_ADJUSTED="26"
TIMEPULSE_COUNT="2155"
TIMEPULSE_DELTA="-149 us"
TIMEPULSE_ADJUSTED="1"
PPS_NO_INT="2155"
PPS_NO_EXT="0"
NMEA_LINES="165937"
NMEA_LINES_RMC="17712"
NMEA_LINES_GGA="17713"
NMEA_LINES_GSA="17714"
NMEA_LINES_GST="17712"
DROP_LINES_RMC="0"
DROP_LINES_GGA="0"
TIME="2020-09-15 05:13:24.10"
TIME_RMC="2020-09-15 05:13:24.10"
TIME_GGA="2020-09-15 05:13:24.10"
LATITUDE="3754.90759N"
LONGITUDE="12220.09121W"
KNOTS="0.037"
ANGLE=""
SATELLITES="10"
ALTITUDE="-1.6M"
ELLIPSOID_H="-29.5M"
GSA_3DFIX="3"
GST_SEMI_MAJOR=""
GST_SEMI_MINOR=""
GST_SEMI_ORIENT=""

PPS_MASK="3"
TIME_SYNC="1"
LOGGING="0"
### above lines are configurable ###
TIME_0MSEC_COUNT="1826"
TIME_ADJUSTED="26"
TIMEPULSE_COUNT="2155"
TIMEPULSE_DELTA="-149 us"
TIMEPULSE_ADJUSTED="1"
PPS_NO_INT="2155"
PPS_NO_EXT="0"
NMEA_LINES="165937"
NMEA_LINES_RMC="17712"
NMEA_LINES_GGA="17713"
NMEA_LINES_GSA="17714"
NMEA_LINES_GST="17712"
DROP_LINES_RMC="0"
DROP_LINES_GGA="0"
TIME="2020-09-15 05:13:24.10"
TIME_RMC="2020-09-15 05:13:24.10"
TIME_GGA="2020-09-15 05:13:24.10"
LATITUDE="3754.90759N"
LONGITUDE="12220.09121W"
KNOTS="0.037"
ANGLE=""
SATELLITES="10"
ALTITUDE="-1.6M"
ELLIPSOID_H="-29.5M"
GSA_3DFIX="3"
GST_SEMI_MAJOR=""
GST_SEMI_MINOR=""
GST_SEMI_ORIENT=""

PPS_MASK="3"
TIME_SYNC="1"
LOGGING="0"
### above lines are configurable ###
TIME_0MSEC_COUNT="1826"
TIME_ADJUSTED="26"
TIMEPULSE_COUNT="2155"
TIMEPULSE_DELTA="-149 us"
TIMEPULSE_ADJUSTED="1"
PPS_NO_INT="2155"
PPS_NO_EXT="0"
NMEA_LINES="165937"
NMEA_LINES_RMC="17712"
NMEA_LINES_GGA="17713"
NMEA_LINES_GSA="17714"
NMEA_LINES_GST="17712"
DROP_LINES_RMC="0"
DROP_LINES_GGA="0"
TIME="2020-09-15 05:13:24.10"
TIME_RMC="2020-09-15 05:13:24.10"
TIME_GGA="2020-09-15 05:13:24.10"
LATITUDE="3754.90759N"
LONGITUDE="12220.09121W"
KNOTS="0.037"
ANGLE=""
SATELLITES="10"
ALTITUDE="-1.6M"
ELLIPSOID_H="-29.5M"
GSA_3DFIX="3"
GST_SEMI_MAJOR=""
GST_SEMI_MINOR=""
GST_SEMI_ORIENT=""

PPS_MASK="3"
TIME_SYNC="1"
LOGGING="0"
### above lines are configurable ###
TIME_0MSEC_COUNT="1826"
TIME_ADJUSTED="26"
TIMEPULSE_COUNT="2155"
TIMEPULSE_DELTA="-149 us"
TIMEPULSE_ADJUSTED="1"
PPS_NO_INT="2155"
PPS_NO_EXT="0"
NMEA_LINES="165937"
NMEA_LINES_RMC="17712"
NMEA_LINES_GGA="17713"
NMEA_LINES_GSA="17714"
NMEA_LINES_GST="17712"
DROP_LINES_RMC="0"
DROP_LINES_GGA="0"
TIME="2020-09-15 05:13:24.10"
TIME_RMC="2020-09-15 05:13:24.10"
TIME_GGA="2020-09-15 05:13:24.10"
LATITUDE="3754.90759N"
LONGITUDE="12220.09121W"
KNOTS="0.037"
ANGLE=""
SATELLITES="10"
ALTITUDE="-1.6M"
ELLIPSOID_H="-29.5M"
GSA_3DFIX="3"
GST_SEMI_MAJOR=""
GST_SEMI_MINOR=""
GST_SEMI_ORIENT=""

PPS_MASK="3"
TIME_SYNC="1"
LOGGING="0"
### above lines are configurable ###
TIME_0MSEC_COUNT="1826"
TIME_ADJUSTED="26"
TIMEPULSE_COUNT="2155"
TIMEPULSE_DELTA="-149 us"
TIMEPULSE_ADJUSTED="1"
PPS_NO_INT="2155"
PPS_NO_EXT="0"
NMEA_LINES="165937"
NMEA_LINES_RMC="17712"
NMEA_LINES_GGA="17713"
NMEA_LINES_GSA="17714"
NMEA_LINES_GST="17712"
DROP_LINES_RMC="0"
DROP_LINES_GGA="0"
TIME="2020-09-15 05:13:24.10"
TIME_RMC="2020-09-15 05:13:24.10"
TIME_GGA="2020-09-15 05:13:24.10"
LATITUDE="3754.90759N"
LONGITUDE="12220.09121W"
KNOTS="0.037"
ANGLE=""
SATELLITES="10"
ALTITUDE="-1.6M"
ELLIPSOID_H="-29.5M"
GSA_3DFIX="3"
GST_SEMI_MAJOR=""
GST_SEMI_MINOR=""
GST_SEMI_ORIENT=""

PPS_MASK="3"
TIME_SYNC="1"
LOGGING="0"
### above lines are configurable ###
TIME_0MSEC_COUNT="1826"
TIME_ADJUSTED="26"
TIMEPULSE_COUNT="2155"
TIMEPULSE_DELTA="-149 us"
TIMEPULSE_ADJUSTED="1"
PPS_NO_INT="2155"
PPS_NO_EXT="0"
NMEA_LINES="165937"
NMEA_LINES_RMC="17712"
NMEA_LINES_GGA="17713"
NMEA_LINES_GSA="17714"
NMEA_LINES_GST="17712"
DROP_LINES_RMC="0"
DROP_LINES_GGA="0"
TIME="2020-09-15 05:13:24.10"
TIME_RMC="2020-09-15 05:13:24.10"
TIME_GGA="2020-09-15 05:13:24.10"
LATITUDE="3754.90759N"
LONGITUDE="12220.09121W"
KNOTS="0.037"
ANGLE=""
SATELLITES="10"
ALTITUDE="-1.6M"
ELLIPSOID_H="-29.5M"
GSA_3DFIX="3"
GST_SEMI_MAJOR=""
GST_SEMI_MINOR=""
GST_SEMI_ORIENT=""

PPS_MASK="3"
TIME_SYNC="1"
LOGGING="0"
### above lines are configurable ###
TIME_0MSEC_COUNT="1826"
TIME_ADJUSTED="26"
TIMEPULSE_COUNT="2155"
TIMEPULSE_DELTA="-149 us"
TIMEPULSE_ADJUSTED="1"
PPS_NO_INT="2155"
PPS_NO_EXT="0"
NMEA_LINES="165937"
NMEA_LINES_RMC="17712"
NMEA_LINES_GGA="17713"
NMEA_LINES_GSA="17714"
NMEA_LINES_GST="17712"
DROP_LINES_RMC="0"
DROP_LINES_GGA="0"
TIME="2020-09-15 05:13:24.10"
TIME_RMC="2020-09-15 05:13:24.10"
TIME_GGA="2020-09-15 05:13:24.10"
LATITUDE="3754.90759N"
LONGITUDE="12220.09121W"
KNOTS="0.037"
ANGLE=""
SATELLITES="10"
ALTITUDE="-1.6M"
ELLIPSOID_H="-29.5M"
GSA_3DFIX="3"
GST_SEMI_MAJOR=""
GST_SEMI_MINOR=""
GST_SEMI_ORIENT=""

PPS_MASK="3"
TIME_SYNC="1"
LOGGING="0"
### above lines are configurable ###
TIME_0MSEC_COUNT="1826"
TIME_ADJUSTED="26"
TIMEPULSE_COUNT="2156"
TIMEPULSE_DELTA="-254 us"
TIMEPULSE_ADJUSTED="1"
PPS_NO_INT="2156"
PPS_NO_EXT="0"
NMEA_LINES="165937"
NMEA_LINES_RMC="17712"
NMEA_LINES_GGA="17713"
NMEA_LINES_GSA="17714"
NMEA_LINES_GST="17712"
DROP_LINES_RMC="0"
DROP_LINES_GGA="0"
TIME="2020-09-15 05:13:24.10"
TIME_RMC="2020-09-15 05:13:24.10"
TIME_GGA="2020-09-15 05:13:24.10"
LATITUDE="3754.90759N"
LONGITUDE="12220.09121W"
KNOTS="0.037"
ANGLE=""
SATELLITES="10"
ALTITUDE="-1.6M"
ELLIPSOID_H="-29.5M"
GSA_3DFIX="3"
GST_SEMI_MAJOR=""
GST_SEMI_MINOR=""
GST_SEMI_ORIENT=""

PPS_MASK="3"
TIME_SYNC="1"
LOGGING="0"
### above lines are configurable ###
TIME_0MSEC_COUNT="1826"
TIME_ADJUSTED="26"
TIMEPULSE_COUNT="2156"
TIMEPULSE_DELTA="-254 us"
TIMEPULSE_ADJUSTED="1"
PPS_NO_INT="2156"
PPS_NO_EXT="0"
NMEA_LINES="165937"
NMEA_LINES_RMC="17712"
NMEA_LINES_GGA="17713"
NMEA_LINES_GSA="17714"
NMEA_LINES_GST="17712"
DROP_LINES_RMC="0"
DROP_LINES_GGA="0"
TIME="2020-09-15 05:13:24.10"
TIME_RMC="2020-09-15 05:13:24.10"
TIME_GGA="2020-09-15 05:13:24.10"
LATITUDE="3754.90759N"
LONGITUDE="12220.09121W"
KNOTS="0.037"
ANGLE=""
SATELLITES="10"
ALTITUDE="-1.6M"
ELLIPSOID_H="-29.5M"
GSA_3DFIX="3"
GST_SEMI_MAJOR=""
GST_SEMI_MINOR=""
GST_SEMI_ORIENT=""

PPS_MASK="3"
TIME_SYNC="1"
LOGGING="0"
### above lines are configurable ###
TIME_0MSEC_COUNT="1826"
TIME_ADJUSTED="26"
TIMEPULSE_COUNT="2156"
TIMEPULSE_DELTA="-254 us"
TIMEPULSE_ADJUSTED="1"
PPS_NO_INT="2156"
PPS_NO_EXT="0"
NMEA_LINES="165937"
NMEA_LINES_RMC="17712"
NMEA_LINES_GGA="17713"
NMEA_LINES_GSA="17714"
NMEA_LINES_GST="17712"
DROP_LINES_RMC="0"
DROP_LINES_GGA="0"
TIME="2020-09-15 05:13:24.10"
TIME_RMC="2020-09-15 05:13:24.10"
TIME_GGA="2020-09-15 05:13:24.10"
LATITUDE="3754.90759N"
LONGITUDE="12220.09121W"
KNOTS="0.037"
ANGLE=""
SATELLITES="10"
ALTITUDE="-1.6M"
ELLIPSOID_H="-29.5M"
GSA_3DFIX="3"
GST_SEMI_MAJOR=""
GST_SEMI_MINOR=""
GST_SEMI_ORIENT=""

PPS_MASK="3"
TIME_SYNC="1"
LOGGING="0"
### above lines are configurable ###
TIME_0MSEC_COUNT="1826"
TIME_ADJUSTED="26"
TIMEPULSE_COUNT="2156"
TIMEPULSE_DELTA="-254 us"
TIMEPULSE_ADJUSTED="1"
PPS_NO_INT="2156"
PPS_NO_EXT="0"
NMEA_LINES="165937"
NMEA_LINES_RMC="17712"
NMEA_LINES_GGA="17713"
NMEA_LINES_GSA="17714"
NMEA_LINES_GST="17712"
DROP_LINES_RMC="0"
DROP_LINES_GGA="0"
TIME="2020-09-15 05:13:24.10"
TIME_RMC="2020-09-15 05:13:24.10"
TIME_GGA="2020-09-15 05:13:24.10"
LATITUDE="3754.90759N"
LONGITUDE="12220.09121W"
KNOTS="0.037"
ANGLE=""
SATELLITES="10"
ALTITUDE="-1.6M"
ELLIPSOID_H="-29.5M"
GSA_3DFIX="3"
GST_SEMI_MAJOR=""
GST_SEMI_MINOR=""
GST_SEMI_ORIENT=""

PPS_MASK="3"
TIME_SYNC="1"
LOGGING="0"
### above lines are configurable ###
TIME_0MSEC_COUNT="1826"
TIME_ADJUSTED="26"
TIMEPULSE_COUNT="2156"
TIMEPULSE_DELTA="-254 us"
TIMEPULSE_ADJUSTED="1"
PPS_NO_INT="2156"
PPS_NO_EXT="0"
NMEA_LINES="165937"
NMEA_LINES_RMC="17712"
NMEA_LINES_GGA="17713"
NMEA_LINES_GSA="17714"
NMEA_LINES_GST="17712"
DROP_LINES_RMC="0"
DROP_LINES_GGA="0"
TIME="2020-09-15 05:13:24.10"
TIME_RMC="2020-09-15 05:13:24.10"
TIME_GGA="2020-09-15 05:13:24.10"
LATITUDE="3754.90759N"
LONGITUDE="12220.09121W"
KNOTS="0.037"
ANGLE=""
SATELLITES="10"
ALTITUDE="-1.6M"
ELLIPSOID_H="-29.5M"
GSA_3DFIX="3"
GST_SEMI_MAJOR=""
GST_SEMI_MINOR=""
GST_SEMI_ORIENT=""

PPS_MASK="3"
TIME_SYNC="1"
LOGGING="0"
### above lines are configurable ###
TIME_0MSEC_COUNT="1826"
TIME_ADJUSTED="26"
TIMEPULSE_COUNT="2156"
TIMEPULSE_DELTA="-254 us"
TIMEPULSE_ADJUSTED="1"
PPS_NO_INT="2156"
PPS_NO_EXT="0"
NMEA_LINES="165937"
NMEA_LINES_RMC="17712"
NMEA_LINES_GGA="17713"
NMEA_LINES_GSA="17714"
NMEA_LINES_GST="17712"
DROP_LINES_RMC="0"
DROP_LINES_GGA="0"
TIME="2020-09-15 05:13:24.10"
TIME_RMC="2020-09-15 05:13:24.10"
TIME_GGA="2020-09-15 05:13:24.10"
LATITUDE="3754.90759N"
LONGITUDE="12220.09121W"
KNOTS="0.037"
ANGLE=""
SATELLITES="10"
ALTITUDE="-1.6M"
ELLIPSOID_H="-29.5M"
GSA_3DFIX="3"
GST_SEMI_MAJOR=""
GST_SEMI_MINOR=""
GST_SEMI_ORIENT=""

PPS_MASK="3"
TIME_SYNC="1"
LOGGING="0"
### above lines are configurable ###
TIME_0MSEC_COUNT="1826"
TIME_ADJUSTED="26"
TIMEPULSE_COUNT="2156"
TIMEPULSE_DELTA="-254 us"
TIMEPULSE_ADJUSTED="1"
PPS_NO_INT="2156"
PPS_NO_EXT="0"
NMEA_LINES="165937"
NMEA_LINES_RMC="17712"
NMEA_LINES_GGA="17713"
NMEA_LINES_GSA="17714"
NMEA_LINES_GST="17712"
DROP_LINES_RMC="0"
DROP_LINES_GGA="0"
TIME="2020-09-15 05:13:24.10"
TIME_RMC="2020-09-15 05:13:24.10"
TIME_GGA="2020-09-15 05:13:24.10"
LATITUDE="3754.90759N"
LONGITUDE="12220.09121W"
KNOTS="0.037"
ANGLE=""
SATELLITES="10"
ALTITUDE="-1.6M"
ELLIPSOID_H="-29.5M"
GSA_3DFIX="3"
GST_SEMI_MAJOR=""
GST_SEMI_MINOR=""
GST_SEMI_ORIENT=""

PPS_MASK="3"
TIME_SYNC="1"
LOGGING="0"
### above lines are configurable ###
TIME_0MSEC_COUNT="1826"
TIME_ADJUSTED="26"
TIMEPULSE_COUNT="2156"
TIMEPULSE_DELTA="-254 us"
TIMEPULSE_ADJUSTED="1"
PPS_NO_INT="2156"
PPS_NO_EXT="0"
NMEA_LINES="165937"
NMEA_LINES_RMC="17712"
NMEA_LINES_GGA="17713"
NMEA_LINES_GSA="17714"
NMEA_LINES_GST="17712"
DROP_LINES_RMC="0"
DROP_LINES_GGA="0"
TIME="2020-09-15 05:13:24.10"
TIME_RMC="2020-09-15 05:13:24.10"
TIME_GGA="2020-09-15 05:13:24.10"
LATITUDE="3754.90759N"
LONGITUDE="12220.09121W"
KNOTS="0.037"
ANGLE=""
SATELLITES="10"
ALTITUDE="-1.6M"
ELLIPSOID_H="-29.5M"
GSA_3DFIX="3"
GST_SEMI_MAJOR=""
GST_SEMI_MINOR=""
GST_SEMI_ORIENT=""

PPS_MASK="3"
TIME_SYNC="1"
LOGGING="0"
### above lines are configurable ###
TIME_0MSEC_COUNT="1826"
TIME_ADJUSTED="26"
TIMEPULSE_COUNT="2156"
TIMEPULSE_DELTA="-254 us"
TIMEPULSE_ADJUSTED="1"
PPS_NO_INT="2156"
PPS_NO_EXT="0"
NMEA_LINES="165937"
NMEA_LINES_RMC="17712"
NMEA_LINES_GGA="17713"
NMEA_LINES_GSA="17714"
NMEA_LINES_GST="17712"
DROP_LINES_RMC="0"
DROP_LINES_GGA="0"
TIME="2020-09-15 05:13:24.10"
TIME_RMC="2020-09-15 05:13:24.10"
TIME_GGA="2020-09-15 05:13:24.10"
LATITUDE="3754.90759N"
LONGITUDE="12220.09121W"
KNOTS="0.037"
ANGLE=""
SATELLITES="10"
ALTITUDE="-1.6M"
ELLIPSOID_H="-29.5M"
GSA_3DFIX="3"
GST_SEMI_MAJOR=""
GST_SEMI_MINOR=""
GST_SEMI_ORIENT=""

PPS_MASK="3"
TIME_SYNC="1"
LOGGING="0"
### above lines are configurable ###
TIME_0MSEC_COUNT="1826"
TIME_ADJUSTED="26"
TIMEPULSE_COUNT="2156"
TIMEPULSE_DELTA="-254 us"
TIMEPULSE_ADJUSTED="1"
PPS_NO_INT="2156"
PPS_NO_EXT="0"
NMEA_LINES="165937"
NMEA_LINES_RMC="17712"
NMEA_LINES_GGA="17713"
NMEA_LINES_GSA="17714"
NMEA_LINES_GST="17712"
DROP_LINES_RMC="0"
DROP_LINES_GGA="0"
TIME="2020-09-15 05:13:24.10"
TIME_RMC="2020-09-15 05:13:24.10"
TIME_GGA="2020-09-15 05:13:24.10"
LATITUDE="3754.90759N"
LONGITUDE="12220.09121W"
KNOTS="0.037"
ANGLE=""
SATELLITES="10"
ALTITUDE="-1.6M"
ELLIPSOID_H="-29.5M"
GSA_3DFIX="3"
GST_SEMI_MAJOR=""
GST_SEMI_MINOR=""
GST_SEMI_ORIENT=""

PPS_MASK="3"
TIME_SYNC="1"
LOGGING="0"
### above lines are configurable ###
TIME_0MSEC_COUNT="1826"
TIME_ADJUSTED="26"
TIMEPULSE_COUNT="2156"
TIMEPULSE_DELTA="-254 us"
TIMEPULSE_ADJUSTED="1"
PPS_NO_INT="2156"
PPS_NO_EXT="0"
NMEA_LINES="165937"
NMEA_LINES_RMC="17712"
NMEA_LINES_GGA="17713"
NMEA_LINES_GSA="17714"
NMEA_LINES_GST="17712"
DROP_LINES_RMC="0"
DROP_LINES_GGA="0"
TIME="2020-09-15 05:13:24.10"
TIME_RMC="2020-09-15 05:13:24.10"
TIME_GGA="2020-09-15 05:13:24.10"
LATITUDE="3754.90759N"
LONGITUDE="12220.09121W"
KNOTS="0.037"
ANGLE=""
SATELLITES="10"
ALTITUDE="-1.6M"
ELLIPSOID_H="-29.5M"
GSA_3DFIX="3"
GST_SEMI_MAJOR=""
GST_SEMI_MINOR=""
GST_SEMI_ORIENT=""

PPS_MASK="3"
TIME_SYNC="1"
LOGGING="0"
### above lines are configurable ###
TIME_0MSEC_COUNT="1826"
TIME_ADJUSTED="26"
TIMEPULSE_COUNT="2156"
TIMEPULSE_DELTA="-254 us"
TIMEPULSE_ADJUSTED="1"
PPS_NO_INT="2156"
PPS_NO_EXT="0"
NMEA_LINES="165937"
NMEA_LINES_RMC="17712"
NMEA_LINES_GGA="17713"
NMEA_LINES_GSA="17714"
NMEA_LINES_GST="17712"
DROP_LINES_RMC="0"
DROP_LINES_GGA="0"
TIME="2020-09-15 05:13:24.10"
TIME_RMC="2020-09-15 05:13:24.10"
TIME_GGA="2020-09-15 05:13:24.10"
LATITUDE="3754.90759N"
LONGITUDE="12220.09121W"
KNOTS="0.037"
ANGLE=""
SATELLITES="10"
ALTITUDE="-1.6M"
ELLIPSOID_H="-29.5M"
GSA_3DFIX="3"
GST_SEMI_MAJOR=""
GST_SEMI_MINOR=""
GST_SEMI_ORIENT=""

PPS_MASK="3"
TIME_SYNC="1"
LOGGING="0"
### above lines are configurable ###
TIME_0MSEC_COUNT="1826"
TIME_ADJUSTED="26"
TIMEPULSE_COUNT="2157"
TIMEPULSE_DELTA="-193 us"
TIMEPULSE_ADJUSTED="1"
PPS_NO_INT="2157"
PPS_NO_EXT="0"
NMEA_LINES="165937"
NMEA_LINES_RMC="17712"
NMEA_LINES_GGA="17713"
NMEA_LINES_GSA="17714"
NMEA_LINES_GST="17712"
DROP_LINES_RMC="0"
DROP_LINES_GGA="0"
TIME="2020-09-15 05:13:24.10"
TIME_RMC="2020-09-15 05:13:24.10"
TIME_GGA="2020-09-15 05:13:24.10"
LATITUDE="3754.90759N"
LONGITUDE="12220.09121W"
KNOTS="0.037"
ANGLE=""
SATELLITES="10"
ALTITUDE="-1.6M"
ELLIPSOID_H="-29.5M"
GSA_3DFIX="3"
GST_SEMI_MAJOR=""
GST_SEMI_MINOR=""
GST_SEMI_ORIENT=""

PPS_MASK="3"
TIME_SYNC="1"
LOGGING="0"
### above lines are configurable ###
TIME_0MSEC_COUNT="1826"
TIME_ADJUSTED="26"
TIMEPULSE_COUNT="2157"
TIMEPULSE_DELTA="-193 us"
TIMEPULSE_ADJUSTED="1"
PPS_NO_INT="2157"
PPS_NO_EXT="0"
NMEA_LINES="165937"
NMEA_LINES_RMC="17712"
NMEA_LINES_GGA="17713"
NMEA_LINES_GSA="17714"
NMEA_LINES_GST="17712"
DROP_LINES_RMC="0"
DROP_LINES_GGA="0"
TIME="2020-09-15 05:13:24.10"
TIME_RMC="2020-09-15 05:13:24.10"
TIME_GGA="2020-09-15 05:13:24.10"
LATITUDE="3754.90759N"
LONGITUDE="12220.09121W"
KNOTS="0.037"
ANGLE=""
SATELLITES="10"
ALTITUDE="-1.6M"
ELLIPSOID_H="-29.5M"
GSA_3DFIX="3"
GST_SEMI_MAJOR=""
GST_SEMI_MINOR=""
GST_SEMI_ORIENT=""

PPS_MASK="3"
TIME_SYNC="1"
LOGGING="0"
### above lines are configurable ###
TIME_0MSEC_COUNT="1826"
TIME_ADJUSTED="26"
TIMEPULSE_COUNT="2157"
TIMEPULSE_DELTA="-193 us"
TIMEPULSE_ADJUSTED="1"
PPS_NO_INT="2157"
PPS_NO_EXT="0"
NMEA_LINES="165937"
NMEA_LINES_RMC="17712"
NMEA_LINES_GGA="17713"
NMEA_LINES_GSA="17714"
NMEA_LINES_GST="17712"
DROP_LINES_RMC="0"
DROP_LINES_GGA="0"
TIME="2020-09-15 05:13:24.10"
TIME_RMC="2020-09-15 05:13:24.10"
TIME_GGA="2020-09-15 05:13:24.10"
LATITUDE="3754.90759N"
LONGITUDE="12220.09121W"
KNOTS="0.037"
ANGLE=""
SATELLITES="10"
ALTITUDE="-1.6M"
ELLIPSOID_H="-29.5M"
GSA_3DFIX="3"
GST_SEMI_MAJOR=""
GST_SEMI_MINOR=""
GST_SEMI_ORIENT=""

