cp: will not overwrite just-created './long_ctl_prius.h' with '../camry/common/long_ctl_prius.h'
cp: will not overwrite just-created './veh_trk.h' with '../camry/common/veh_trk.h'
cp: will not overwrite just-created './accord_can.h' with '../include_old/accord_can.h'
cp: will not overwrite just-created './candef.h' with '../include_old/candef.h'
cp: will not overwrite just-created './canglob.h' with '../include_old/canglob.h'
cp: will not overwrite just-created './canstr.h' with '../include_old/canstr.h'
cp: will not overwrite just-created './can_defs.h' with '../include_old/can_defs.h'
cp: will not overwrite just-created './clt_vars_accord.h' with '../include_old/clt_vars_accord.h'
cp: will not overwrite just-created './hmi_server.h' with '../include_old/hmi_server.h'
cp: will not overwrite just-created './long_ctl_prius.h' with '../include_old/long_ctl_prius.h'
cp: will not overwrite just-created './veh_trk.h' with '../include_old/veh_trk.h'
cp: will not overwrite just-created './candef.h' with '../leaf/can/include/candef.h'
cp: will not overwrite just-created './canglob.h' with '../leaf/can/include/canglob.h'
cp: will not overwrite just-created './canstr.h' with '../leaf/can/include/canstr.h'
cp: will not overwrite just-created './can_defs.h' with '../leaf/can/include/can_defs.h'
cp: will not overwrite just-created './long_ctl_prius.h' with '../leaf/common/long_ctl_prius.h'
cp: will not overwrite just-created './veh_trk.h' with '../leaf/common/veh_trk.h'
cp: will not overwrite just-created './clt_vars.h' with '../path/clt/clt_vars.h'
cp: will not overwrite just-created './ids_io.h' with '../path/clt/ids_io.h'
cp: will not overwrite just-created './clock_set.h' with '../path/clt/rtperf/clock_set.h'
cp: will not overwrite just-created './db_clt.h' with '../path/db/db_clt.h'
cp: will not overwrite just-created './db_comm.h' with '../path/db/db_comm.h'
cp: will not overwrite just-created './db_include.h' with '../path/db/db_include.h'
cp: will not overwrite just-created './db_lib.h' with '../path/db/db_lib.h'
cp: will not overwrite just-created './db_slv.h' with '../path/db/db_slv.h'
cp: will not overwrite just-created './db_utils.h' with '../path/db/db_utils.h'
cp: will not overwrite just-created './path_datahub.h' with '../path/db/path_datahub.h'
cp: will not overwrite just-created './sys_qnx6.h' with '../path/local/sys_qnx6.h'
cp: will not overwrite just-created './das_clt.h' with '../path/local/das_clt.h'
cp: will not overwrite just-created './data_log.h' with '../path/local/data_log.h'
cp: will not overwrite just-created './kernel_time.h' with '../path/local/kernel_time.h'
cp: will not overwrite just-created './local.h' with '../path/local/local.h'
cp: will not overwrite just-created './matrix.h' with '../path/local/matrix.h'
cp: will not overwrite just-created './pack.h' with '../path/local/pack.h'
cp: will not overwrite just-created './path_msg_type.h' with '../path/local/path_msg_type.h'
cp: will not overwrite just-created './qnx_compat.h' with '../path/local/qnx_compat.h'
cp: will not overwrite just-created './sqlite3.h' with '../path/local/sqlite3.h'
cp: will not overwrite just-created './st.h' with '../path/local/st.h'
cp: will not overwrite just-created './sys_arma.h' with '../path/local/sys_arma.h'
cp: will not overwrite just-created './sys_btr.h' with '../path/local/sys_btr.h'
cp: will not overwrite just-created './sys_buff.h' with '../path/local/sys_buff.h'
cp: will not overwrite just-created './sys_cygwin.h' with '../path/local/sys_cygwin.h'
cp: will not overwrite just-created './sys_das.h' with '../path/local/sys_das.h'
cp: will not overwrite just-created './sys_fifo.h' with '../path/local/sys_fifo.h'
cp: will not overwrite just-created './sys_ini.h' with '../path/local/sys_ini.h'
cp: will not overwrite just-created './sys_lib.h' with '../path/local/sys_lib.h'
cp: will not overwrite just-created './sys_linux.h' with '../path/local/sys_linux.h'
cp: will not overwrite just-created './sys_list.h' with '../path/local/sys_list.h'
cp: will not overwrite just-created './sys_mem.h' with '../path/local/sys_mem.h'
cp: will not overwrite just-created './sys_os.h' with '../path/local/sys_os.h'
cp: will not overwrite just-created './sys_rt.h' with '../path/local/sys_rt.h'
cp: will not overwrite just-created './sys_rt_linux.h' with '../path/local/sys_rt_linux.h'
cp: will not overwrite just-created './sys_str.h' with '../path/local/sys_str.h'
cp: will not overwrite just-created './sys_time.h' with '../path/local/sys_time.h'
cp: will not overwrite just-created './sys_tok.h' with '../path/local/sys_tok.h'
cp: will not overwrite just-created './sys_trk.h' with '../path/local/sys_trk.h'
cp: will not overwrite just-created './timestamp.h' with '../path/local/timestamp.h'
cp: will not overwrite just-created './timing.h' with '../path/local/timing.h'
cp: will not overwrite just-created './udp_utils.h' with '../path/local/udp_utils.h'
cp: will not overwrite just-created './util.h' with '../path/local/util.h'
cp: will not overwrite just-created './xytransform.h' with '../path/local/xytransform.h'
cp: will not overwrite just-created './enu2lla.h' with '../path/sens/gps/src/enu2lla.h'
cp: will not overwrite just-created './path_gps_lib.h' with '../path/sens/gps/src/path_gps_lib.h'
cp: will not overwrite just-created './am9513.h' with '../path/sens/include/am9513.h'
cp: will not overwrite just-created './config.h' with '../path/sens/include/config.h'
cp: will not overwrite just-created './das_man.h' with '../path/sens/include/das_man.h'
cp: will not overwrite just-created './Definitions.h' with '../path/sens/include/Definitions.h'
cp: will not overwrite just-created './densolidar.h' with '../path/sens/include/densolidar.h'
cp: will not overwrite just-created './dmm32.h' with '../path/sens/include/dmm32.h'
cp: will not overwrite just-created './enu2lla.h' with '../path/sens/include/enu2lla.h'
cp: will not overwrite just-created './evt300.h' with '../path/sens/include/evt300.h'
cp: will not overwrite just-created './garnet.h' with '../path/sens/include/garnet.h'
cp: will not overwrite just-created './gpio.h' with '../path/sens/include/gpio.h'
cp: will not overwrite just-created './gyro.h' with '../path/sens/include/gyro.h'
cp: will not overwrite just-created './ibeo.h' with '../path/sens/include/ibeo.h'
cp: will not overwrite just-created './ibeo_qnx4.h' with '../path/sens/include/ibeo_qnx4.h'
cp: will not overwrite just-created './ibeo_qnx6.h' with '../path/sens/include/ibeo_qnx6.h'
cp: will not overwrite just-created './ibeo_vars.h' with '../path/sens/include/ibeo_vars.h'
cp: will not overwrite just-created './Indicator.h' with '../path/sens/include/Indicator.h'
cp: will not overwrite just-created './loop.h' with '../path/sens/include/loop.h'
cp: will not overwrite just-created './LoopBufList.h' with '../path/sens/include/LoopBufList.h'
cp: will not overwrite just-created './mdl.h' with '../path/sens/include/mdl.h'
cp: will not overwrite just-created './modbus-private.h' with '../path/sens/include/modbus-private.h'
cp: will not overwrite just-created './modbus-rtu-private.h' with '../path/sens/include/modbus-rtu-private.h'
cp: will not overwrite just-created './modbus-rtu.h' with '../path/sens/include/modbus-rtu.h'
cp: will not overwrite just-created './modbus-tcp-private.h' with '../path/sens/include/modbus-tcp-private.h'
cp: will not overwrite just-created './modbus-tcp.h' with '../path/sens/include/modbus-tcp.h'
cp: will not overwrite just-created './modbus-version.h' with '../path/sens/include/modbus-version.h'
cp: will not overwrite just-created './Modbus.h' with '../path/sens/include/Modbus.h'
cp: will not overwrite just-created './OS.h' with '../path/sens/include/OS.h'
cp: will not overwrite just-created './path_gps_lib.h' with '../path/sens/include/path_gps_lib.h'
cp: will not overwrite just-created './qmm10xt.h' with '../path/sens/include/qmm10xt.h'
cp: will not overwrite just-created './smsparse.h' with '../path/sens/include/smsparse.h'
cp: will not overwrite just-created './sms_lib.h' with '../path/sens/include/sms_lib.h'
cp: will not overwrite just-created './stdafx.h' with '../path/sens/include/stdafx.h'
cp: will not overwrite just-created './targetver.h' with '../path/sens/include/targetver.h'
cp: will not overwrite just-created './unit-test.h' with '../path/sens/include/unit-test.h'
cp: will not overwrite just-created './UserDefs.h' with '../path/sens/include/UserDefs.h'
cp: will not overwrite just-created './wvtrnx.h' with '../path/sens/include/wvtrnx.h'
cp: will not overwrite just-created './densolidar.h' with '../path/sens/lidar/denso/densolidar.h'
cp: will not overwrite just-created './ibeo.h' with '../path/sens/lidar/ibeo_can/ibeo.h'
cp: will not overwrite just-created './ibeo_qnx4.h' with '../path/sens/lidar/ibeo_can/ibeo_qnx4.h'
cp: will not overwrite just-created './ibeo_qnx6.h' with '../path/sens/lidar/ibeo_can/ibeo_qnx6.h'
cp: will not overwrite just-created './ibeo_vars.h' with '../path/sens/lidar/ibeo_can/ibeo_vars.h'
cp: will not overwrite just-created './Definitions.h' with '../path/sens/lidar/leddar/Definitions.h'
cp: will not overwrite just-created './Definitions.h' with '../path/sens/lidar/leddar/include/Definitions.h'
cp: will not overwrite just-created './Modbus.h' with '../path/sens/lidar/leddar/include/Modbus.h'
cp: will not overwrite just-created './OS.h' with '../path/sens/lidar/leddar/include/OS.h'
cp: will not overwrite just-created './UserDefs.h' with '../path/sens/lidar/leddar/include/UserDefs.h'
cp: will not overwrite just-created './Definitions.h' with '../path/sens/lidar/leddar/leddar/m16/Definitions.h'
cp: will not overwrite just-created './Definitions.h' with '../path/sens/lidar/leddar/leddar/m16/include/Definitions.h'
cp: will not overwrite just-created './Modbus.h' with '../path/sens/lidar/leddar/leddar/m16/include/Modbus.h'
cp: will not overwrite just-created './OS.h' with '../path/sens/lidar/leddar/leddar/m16/include/OS.h'
cp: will not overwrite just-created './UserDefs.h' with '../path/sens/lidar/leddar/leddar/m16/include/UserDefs.h'
cp: will not overwrite just-created './Modbus.h' with '../path/sens/lidar/leddar/leddar/m16/Modbus.h'
cp: will not overwrite just-created './OS.h' with '../path/sens/lidar/leddar/leddar/m16/OS.h'
cp: will not overwrite just-created './UserDefs.h' with '../path/sens/lidar/leddar/leddar/m16/UserDefs.h'
cp: will not overwrite just-created './vehicle_common.h' with '../path/sens/lidar/leddar/leddar/sight/src/vehicle_common.h'
cp: will not overwrite just-created './Modbus.h' with '../path/sens/lidar/leddar/Modbus.h'
cp: will not overwrite just-created './OS.h' with '../path/sens/lidar/leddar/OS.h'
cp: will not overwrite just-created './UserDefs.h' with '../path/sens/lidar/leddar/UserDefs.h'
cp: will not overwrite just-created './mdl.h' with '../path/sens/lidar/mdl/mdl.h'
cp: will not overwrite just-created './evt300.h' with '../path/sens/radar/evt300.h'
cp: will not overwrite just-created './clt_vars_prius.h' with '../prius/can/src/clt_vars_prius.h'
cp: will not overwrite just-created './prius_can.h' with '../prius/can/src/prius_can.h'
cp: will not overwrite just-created './long_ctl_prius.h' with '../prius/common/long_ctl_prius.h'
cp: will not overwrite just-created './veh_trk.h' with '../prius/common/veh_trk.h'
cp: will not overwrite just-created './prius_can.h' with '../prius/src/prius_can.h'
cp: will not overwrite just-created './candef.h' with '../steinhoff/candef.h'
cp: will not overwrite just-created './canglob.h' with '../steinhoff/canglob.h'
cp: will not overwrite just-created './canstr.h' with '../steinhoff/canstr.h'
cp: will not overwrite just-created './can_client.h' with '../steinhoff/can_client.h'
cp: will not overwrite just-created './can_dbvars.h' with '../steinhoff/can_dbvars.h'
cp: will not overwrite just-created './can_defs.h' with '../steinhoff/can_defs.h'
cp: will not overwrite just-created './XC878.h' with '../taurus/can/doc/templates/hsk-libs/inc/Infineon/XC878.h'
cp: will not overwrite just-created './config.h' with '../taurus/can/doc/templates/hsk-libs/src/config.h'
cp: will not overwrite just-created './hsk_adc.h' with '../taurus/can/doc/templates/hsk-libs/src/hsk_adc/hsk_adc.h'
cp: will not overwrite just-created './hsk_boot.h' with '../taurus/can/doc/templates/hsk-libs/src/hsk_boot/hsk_boot.h'
cp: will not overwrite just-created './hsk_can.h' with '../taurus/can/doc/templates/hsk-libs/src/hsk_can/hsk_can.h'
cp: will not overwrite just-created './hsk_ex.h' with '../taurus/can/doc/templates/hsk-libs/src/hsk_ex/hsk_ex.h'
cp: will not overwrite just-created './hsk_filter.h' with '../taurus/can/doc/templates/hsk-libs/src/hsk_filter/hsk_filter.h'
cp: will not overwrite just-created './hsk_flash.h' with '../taurus/can/doc/templates/hsk-libs/src/hsk_flash/hsk_flash.h'
cp: will not overwrite just-created './hsk_icm7228.h' with '../taurus/can/doc/templates/hsk-libs/src/hsk_icm7228/hsk_icm7228.h'
cp: will not overwrite just-created './hsk_io.h' with '../taurus/can/doc/templates/hsk-libs/src/hsk_io/hsk_io.h'
cp: will not overwrite just-created './hsk_isr.h' with '../taurus/can/doc/templates/hsk-libs/src/hsk_isr/hsk_isr.h'
cp: will not overwrite just-created './hsk_pwc.h' with '../taurus/can/doc/templates/hsk-libs/src/hsk_pwc/hsk_pwc.h'
cp: will not overwrite just-created './hsk_pwm.h' with '../taurus/can/doc/templates/hsk-libs/src/hsk_pwm/hsk_pwm.h'
cp: will not overwrite just-created './hsk_ssc.h' with '../taurus/can/doc/templates/hsk-libs/src/hsk_ssc/hsk_ssc.h'
cp: will not overwrite just-created './hsk_timer01.h' with '../taurus/can/doc/templates/hsk-libs/src/hsk_timers/hsk_timer01.h'
cp: will not overwrite just-created './hsk_wdt.h' with '../taurus/can/doc/templates/hsk-libs/src/hsk_wdt/hsk_wdt.h'
cp: will not overwrite just-created './clt_vars_taurus.h' with '../taurus/can/src/clt_vars_taurus.h'
cp: will not overwrite just-created './taurus_can.h' with '../taurus/can/src/taurus_can.h'
cp: will not overwrite just-created './long_ctl_prius.h' with '../taurus/common/long_ctl_prius.h'
cp: will not overwrite just-created './veh_trk.h' with '../taurus/common/veh_trk.h'
cp: will not overwrite just-created './GenericLane.h' with '../vehcomm/BSM_dir/GenericLane.h'
cp: will not overwrite just-created './NodeLL.h' with '../vehcomm/BSM_dir/NodeLL.h'
cp: will not overwrite just-created './SignalRequesterInfo.h' with '../vehcomm/BSM_dir/SignalRequesterInfo.h'
cp: will not overwrite just-created './Acceleration.h' with '../vehcomm/BSM_dir/Acceleration.h'
cp: will not overwrite just-created './AccelerationConfidence.h' with '../vehcomm/BSM_dir/AccelerationConfidence.h'
cp: will not overwrite just-created './AccelerationSet4Way.h' with '../vehcomm/BSM_dir/AccelerationSet4Way.h'
cp: will not overwrite just-created './AccelSteerYawRateConfidence.h' with '../vehcomm/BSM_dir/AccelSteerYawRateConfidence.h'
cp: will not overwrite just-created './AddGrpB_Angle.h' with '../vehcomm/BSM_dir/AddGrpB_Angle.h'
cp: will not overwrite just-created './AddGrpB_Elevation.h' with '../vehcomm/BSM_dir/AddGrpB_Elevation.h'
cp: will not overwrite just-created './AddGrpB_MsgCount.h' with '../vehcomm/BSM_dir/AddGrpB_MsgCount.h'
cp: will not overwrite just-created './MapData.h' with '../vehcomm/BSM_dir/MapData.h'
cp: will not overwrite just-created './MaxTimetoChange.h' with '../vehcomm/BSM_dir/MaxTimetoChange.h'
cp: will not overwrite just-created './MergeDivergeNodeAngle.h' with '../vehcomm/BSM_dir/MergeDivergeNodeAngle.h'
cp: will not overwrite just-created './MessageBLOB.h' with '../vehcomm/BSM_dir/MessageBLOB.h'
cp: will not overwrite just-created './MessageFrame.h' with '../vehcomm/BSM_dir/MessageFrame.h'
cp: will not overwrite just-created './MinTimetoChange.h' with '../vehcomm/BSM_dir/MinTimetoChange.h'
cp: will not overwrite just-created './Minute.h' with '../vehcomm/BSM_dir/Minute.h'
cp: will not overwrite just-created './RegionalExtension.h' with '../vehcomm/BSM_dir/RegionalExtension.h'
cp: will not overwrite just-created './RegionId.h' with '../vehcomm/BSM_dir/RegionId.h'
cp: will not overwrite just-created './RegionList.h' with '../vehcomm/BSM_dir/RegionList.h'
cp: will not overwrite just-created './RegionOffsets.h' with '../vehcomm/BSM_dir/RegionOffsets.h'
cp: will not overwrite just-created './RegionPointSet.h' with '../vehcomm/BSM_dir/RegionPointSet.h'
cp: will not overwrite just-created './RegulatorySpeedLimit.h' with '../vehcomm/BSM_dir/RegulatorySpeedLimit.h'
cp: will not overwrite just-created './TestMessage03.h' with '../vehcomm/BSM_dir/TestMessage03.h'
cp: will not overwrite just-created './TestMessage04.h' with '../vehcomm/BSM_dir/TestMessage04.h'
cp: will not overwrite just-created './TestMessage05.h' with '../vehcomm/BSM_dir/TestMessage05.h'
cp: will not overwrite just-created './TestMessage06.h' with '../vehcomm/BSM_dir/TestMessage06.h'
cp: will not overwrite just-created './TestMessage07.h' with '../vehcomm/BSM_dir/TestMessage07.h'
cp: will not overwrite just-created './TestMessage08.h' with '../vehcomm/BSM_dir/TestMessage08.h'
cp: will not overwrite just-created './TestMessage09.h' with '../vehcomm/BSM_dir/TestMessage09.h'
cp: will not overwrite just-created './TestMessage10.h' with '../vehcomm/BSM_dir/TestMessage10.h'
cp: will not overwrite just-created './TestMessage11.h' with '../vehcomm/BSM_dir/TestMessage11.h'
cp: will not overwrite just-created './Attachment.h' with '../vehcomm/BSM_dir/Attachment.h'
cp: will not overwrite just-created './BOOLEAN.h' with '../vehcomm/BSM_dir/BOOLEAN.h'
cp: will not overwrite just-created './DataParameters.h' with '../vehcomm/BSM_dir/DataParameters.h'
cp: will not overwrite just-created './DeltaTime.h' with '../vehcomm/BSM_dir/DeltaTime.h'
cp: will not overwrite just-created './DMonthDay.h' with '../vehcomm/BSM_dir/DMonthDay.h'
cp: will not overwrite just-created './BSMcoreData.h' with '../vehcomm/BSM_dir/BSMcoreData.h'
cp: will not overwrite just-created './BumperHeight.h' with '../vehcomm/BSM_dir/BumperHeight.h'
cp: will not overwrite just-created './BumperHeights.h' with '../vehcomm/BSM_dir/BumperHeights.h'
cp: will not overwrite just-created './CaccData.h' with '../vehcomm/BSM_dir/CaccData.h'
cp: will not overwrite just-created './CACCFlags.h' with '../vehcomm/BSM_dir/CACCFlags.h'
cp: will not overwrite just-created './CargoWeight.h' with '../vehcomm/BSM_dir/CargoWeight.h'
cp: will not overwrite just-created './Circle.h' with '../vehcomm/BSM_dir/Circle.h'
cp: will not overwrite just-created './Connection.h' with '../vehcomm/BSM_dir/Connection.h'
cp: will not overwrite just-created './ConnectionManeuverAssist-addGrpC.h' with '../vehcomm/BSM_dir/ConnectionManeuverAssist-addGrpC.h'
cp: will not overwrite just-created './ConnectionManeuverAssist.h' with '../vehcomm/BSM_dir/ConnectionManeuverAssist.h'
cp: will not overwrite just-created './ConnectsToList.h' with '../vehcomm/BSM_dir/ConnectsToList.h'
cp: will not overwrite just-created './constraints.h' with '../vehcomm/BSM_dir/constraints.h'
cp: will not overwrite just-created './constr_CHOICE.h' with '../vehcomm/BSM_dir/constr_CHOICE.h'
cp: will not overwrite just-created './DTime.h' with '../vehcomm/BSM_dir/DTime.h'
cp: will not overwrite just-created './Duration.h' with '../vehcomm/BSM_dir/Duration.h'
cp: will not overwrite just-created './DYear.h' with '../vehcomm/BSM_dir/DYear.h'
cp: will not overwrite just-created './DYearMonth.h' with '../vehcomm/BSM_dir/DYearMonth.h'
cp: will not overwrite just-created './ElevationConfidence.h' with '../vehcomm/BSM_dir/ElevationConfidence.h'
cp: will not overwrite just-created './EmergencyDetails.h' with '../vehcomm/BSM_dir/EmergencyDetails.h'
cp: will not overwrite just-created './EmergencyVehicleAlert.h' with '../vehcomm/BSM_dir/EmergencyVehicleAlert.h'
cp: will not overwrite just-created './EmissionType.h' with '../vehcomm/BSM_dir/EmissionType.h'
cp: will not overwrite just-created './GenericLocations.h' with '../vehcomm/BSM_dir/GenericLocations.h'
cp: will not overwrite just-created './GenericSignage.h' with '../vehcomm/BSM_dir/GenericSignage.h'
cp: will not overwrite just-created './GeographicalPath.h' with '../vehcomm/BSM_dir/GeographicalPath.h'
cp: will not overwrite just-created './GeometricProjection.h' with '../vehcomm/BSM_dir/GeometricProjection.h'
cp: will not overwrite just-created './IntersectionID.h' with '../vehcomm/BSM_dir/IntersectionID.h'
cp: will not overwrite just-created './IntersectionReferenceID.h' with '../vehcomm/BSM_dir/IntersectionReferenceID.h'
cp: will not overwrite just-created './IntersectionState-addGrpC.h' with '../vehcomm/BSM_dir/IntersectionState-addGrpC.h'
cp: will not overwrite just-created './IntersectionState.h' with '../vehcomm/BSM_dir/IntersectionState.h'
cp: will not overwrite just-created './IntersectionStateList.h' with '../vehcomm/BSM_dir/IntersectionStateList.h'
cp: will not overwrite just-created './Node-LL-32B.h' with '../vehcomm/BSM_dir/Node-LL-32B.h'
cp: will not overwrite just-created './Node-LL-36B.h' with '../vehcomm/BSM_dir/Node-LL-36B.h'
cp: will not overwrite just-created './Node-LL-44B.h' with '../vehcomm/BSM_dir/Node-LL-44B.h'
cp: will not overwrite just-created './Node-LL-48B.h' with '../vehcomm/BSM_dir/Node-LL-48B.h'
cp: will not overwrite just-created './Node-LLdms-48b.h' with '../vehcomm/BSM_dir/Node-LLdms-48b.h'
cp: will not overwrite just-created './Node-LLdms-80b.h' with '../vehcomm/BSM_dir/Node-LLdms-80b.h'
cp: will not overwrite just-created './Node-XY-28b.h' with '../vehcomm/BSM_dir/Node-XY-28b.h'
cp: will not overwrite just-created './Node-XY-32b.h' with '../vehcomm/BSM_dir/Node-XY-32b.h'
cp: will not overwrite just-created './NodeAttributeLL.h' with '../vehcomm/BSM_dir/NodeAttributeLL.h'
cp: will not overwrite just-created './NodeAttributeLLList.h' with '../vehcomm/BSM_dir/NodeAttributeLLList.h'
cp: will not overwrite just-created './NodeAttributeSetLL.h' with '../vehcomm/BSM_dir/NodeAttributeSetLL.h'
cp: will not overwrite just-created './NodeOffsetPointLL.h' with '../vehcomm/BSM_dir/NodeOffsetPointLL.h'
cp: will not overwrite just-created './NodeOffsetPointXY-addGrpB.h' with '../vehcomm/BSM_dir/NodeOffsetPointXY-addGrpB.h'
cp: will not overwrite just-created './NodeOffsetPointXY.h' with '../vehcomm/BSM_dir/NodeOffsetPointXY.h'
cp: will not overwrite just-created './NodeSetLL.h' with '../vehcomm/BSM_dir/NodeSetLL.h'
cp: will not overwrite just-created './PartIIcontent.h' with '../vehcomm/BSM_dir/PartIIcontent.h'
cp: will not overwrite just-created './PathHistory.h' with '../vehcomm/BSM_dir/PathHistory.h'
cp: will not overwrite just-created './PathHistoryPoint.h' with '../vehcomm/BSM_dir/PathHistoryPoint.h'
cp: will not overwrite just-created './PathHistoryPointList.h' with '../vehcomm/BSM_dir/PathHistoryPointList.h'
cp: will not overwrite just-created './PathPrediction.h' with '../vehcomm/BSM_dir/PathPrediction.h'
cp: will not overwrite just-created './PayloadData.h' with '../vehcomm/BSM_dir/PayloadData.h'
cp: will not overwrite just-created './PedestrianBicycleDetect.h' with '../vehcomm/BSM_dir/PedestrianBicycleDetect.h'
cp: will not overwrite just-created './RTCMheader.h' with '../vehcomm/BSM_dir/RTCMheader.h'
cp: will not overwrite just-created './RTCMmessage.h' with '../vehcomm/BSM_dir/RTCMmessage.h'
cp: will not overwrite just-created './RTCMmessageList.h' with '../vehcomm/BSM_dir/RTCMmessageList.h'
cp: will not overwrite just-created './RequestSubRole.h' with '../vehcomm/BSM_dir/RequestSubRole.h'
cp: will not overwrite just-created './ResponderGroupAffected.h' with '../vehcomm/BSM_dir/ResponderGroupAffected.h'
cp: will not overwrite just-created './ResponseType.h' with '../vehcomm/BSM_dir/ResponseType.h'
cp: will not overwrite just-created './RestrictionAppliesTo.h' with '../vehcomm/BSM_dir/RestrictionAppliesTo.h'
cp: will not overwrite just-created './RestrictionClassAssignment.h' with '../vehcomm/BSM_dir/RestrictionClassAssignment.h'
cp: will not overwrite just-created './SignalRequestList.h' with '../vehcomm/BSM_dir/SignalRequestList.h'
cp: will not overwrite just-created './SignalRequestMessage.h' with '../vehcomm/BSM_dir/SignalRequestMessage.h'
cp: will not overwrite just-created './SignalRequestPackage.h' with '../vehcomm/BSM_dir/SignalRequestPackage.h'
cp: will not overwrite just-created './SignalStatus.h' with '../vehcomm/BSM_dir/SignalStatus.h'
cp: will not overwrite just-created './SignalStatusList.h' with '../vehcomm/BSM_dir/SignalStatusList.h'
cp: will not overwrite just-created './Snapshot.h' with '../vehcomm/BSM_dir/Snapshot.h'
cp: will not overwrite just-created './SnapshotDistance.h' with '../vehcomm/BSM_dir/SnapshotDistance.h'
cp: will not overwrite just-created './SnapshotTime.h' with '../vehcomm/BSM_dir/SnapshotTime.h'
cp: will not overwrite just-created './SPAT.h' with '../vehcomm/BSM_dir/SPAT.h'
cp: will not overwrite just-created './SpecialVehicleExtensions.h' with '../vehcomm/BSM_dir/SpecialVehicleExtensions.h'
cp: will not overwrite just-created './Speed.h' with '../vehcomm/BSM_dir/Speed.h'
cp: will not overwrite just-created './TestMessage12.h' with '../vehcomm/BSM_dir/TestMessage12.h'
cp: will not overwrite just-created './TestMessage13.h' with '../vehcomm/BSM_dir/TestMessage13.h'
cp: will not overwrite just-created './TestMessage14.h' with '../vehcomm/BSM_dir/TestMessage14.h'
cp: will not overwrite just-created './TestMessage15.h' with '../vehcomm/BSM_dir/TestMessage15.h'
cp: will not overwrite just-created './TrailerHistoryPointList.h' with '../vehcomm/BSM_dir/TrailerHistoryPointList.h'
cp: will not overwrite just-created './TrailerMass.h' with '../vehcomm/BSM_dir/TrailerMass.h'
cp: will not overwrite just-created './TrailerUnitDescription.h' with '../vehcomm/BSM_dir/TrailerUnitDescription.h'
cp: will not overwrite just-created './TrailerUnitDescriptionList.h' with '../vehcomm/BSM_dir/TrailerUnitDescriptionList.h'
cp: will not overwrite just-created './TrailerWeight.h' with '../vehcomm/BSM_dir/TrailerWeight.h'
cp: will not overwrite just-created './TransitStatus.h' with '../vehcomm/BSM_dir/TransitStatus.h'
cp: will not overwrite just-created './TransitVehicleOccupancy.h' with '../vehcomm/BSM_dir/TransitVehicleOccupancy.h'
cp: will not overwrite just-created './TransitVehicleStatus.h' with '../vehcomm/BSM_dir/TransitVehicleStatus.h'
cp: will not overwrite just-created './VehicleClassification.h' with '../vehcomm/BSM_dir/VehicleClassification.h'
cp: will not overwrite just-created './AmbientAirPressure.h' with '../vehcomm/BSM_dir/AmbientAirPressure.h'
cp: will not overwrite just-created './AmbientAirTemperature.h' with '../vehcomm/BSM_dir/AmbientAirTemperature.h'
cp: will not overwrite just-created './AnimalPropelledType.h' with '../vehcomm/BSM_dir/AnimalPropelledType.h'
cp: will not overwrite just-created './AnimalType.h' with '../vehcomm/BSM_dir/AnimalType.h'
cp: will not overwrite just-created './AntennaOffsetSet.h' with '../vehcomm/BSM_dir/AntennaOffsetSet.h'
cp: will not overwrite just-created './AntiLockBrakeStatus.h' with '../vehcomm/BSM_dir/AntiLockBrakeStatus.h'
cp: will not overwrite just-created './ANY.h' with '../vehcomm/BSM_dir/ANY.h'
cp: will not overwrite just-created './ApproachID.h' with '../vehcomm/BSM_dir/ApproachID.h'
cp: will not overwrite just-created './ApproachOrLane.h' with '../vehcomm/BSM_dir/ApproachOrLane.h'
cp: will not overwrite just-created './AttachmentRadius.h' with '../vehcomm/BSM_dir/AttachmentRadius.h'
cp: will not overwrite just-created './AuxiliaryBrakeStatus.h' with '../vehcomm/BSM_dir/AuxiliaryBrakeStatus.h'
cp: will not overwrite just-created './AxleLocation.h' with '../vehcomm/BSM_dir/AxleLocation.h'
cp: will not overwrite just-created './AxleWeight.h' with '../vehcomm/BSM_dir/AxleWeight.h'
cp: will not overwrite just-created './AxleWeightList.h' with '../vehcomm/BSM_dir/AxleWeightList.h'
cp: will not overwrite just-created './AxleWeightSet.h' with '../vehcomm/BSM_dir/AxleWeightSet.h'
cp: will not overwrite just-created './BasicSafetyMessage.h' with '../vehcomm/BSM_dir/BasicSafetyMessage.h'
cp: will not overwrite just-created './BasicVehicleClass.h' with '../vehcomm/BSM_dir/BasicVehicleClass.h'
cp: will not overwrite just-created './der_encoder.h' with '../vehcomm/BSM_dir/der_encoder.h'
cp: will not overwrite just-created './DescriptiveName.h' with '../vehcomm/BSM_dir/DescriptiveName.h'
cp: will not overwrite just-created './DFullTime.h' with '../vehcomm/BSM_dir/DFullTime.h'
cp: will not overwrite just-created './DHour.h' with '../vehcomm/BSM_dir/DHour.h'
cp: will not overwrite just-created './DirectionOfUse.h' with '../vehcomm/BSM_dir/DirectionOfUse.h'
cp: will not overwrite just-created './DisabledVehicle.h' with '../vehcomm/BSM_dir/DisabledVehicle.h'
cp: will not overwrite just-created './DistanceUnits.h' with '../vehcomm/BSM_dir/DistanceUnits.h'
cp: will not overwrite just-created './DMinute.h' with '../vehcomm/BSM_dir/DMinute.h'
cp: will not overwrite just-created './DMonth.h' with '../vehcomm/BSM_dir/DMonth.h'
cp: will not overwrite just-created './DOffset.h' with '../vehcomm/BSM_dir/DOffset.h'
cp: will not overwrite just-created './DriveAxleLiftAirPressure.h' with '../vehcomm/BSM_dir/DriveAxleLiftAirPressure.h'
cp: will not overwrite just-created './DriveAxleLocation.h' with '../vehcomm/BSM_dir/DriveAxleLocation.h'
cp: will not overwrite just-created './DriveAxleLubePressure.h' with '../vehcomm/BSM_dir/DriveAxleLubePressure.h'
cp: will not overwrite just-created './DriveAxleTemperature.h' with '../vehcomm/BSM_dir/DriveAxleTemperature.h'
cp: will not overwrite just-created './DrivenLineOffsetLg.h' with '../vehcomm/BSM_dir/DrivenLineOffsetLg.h'
cp: will not overwrite just-created './DrivenLineOffsetSm.h' with '../vehcomm/BSM_dir/DrivenLineOffsetSm.h'
cp: will not overwrite just-created './J1939data.h' with '../vehcomm/BSM_dir/J1939data.h'
cp: will not overwrite just-created './LaneAttributes-Barrier.h' with '../vehcomm/BSM_dir/LaneAttributes-Barrier.h'
cp: will not overwrite just-created './LaneAttributes-TrackedVehicle.h' with '../vehcomm/BSM_dir/LaneAttributes-TrackedVehicle.h'
cp: will not overwrite just-created './LaneAttributes-Vehicle.h' with '../vehcomm/BSM_dir/LaneAttributes-Vehicle.h'
cp: will not overwrite just-created './LaneAttributes.h' with '../vehcomm/BSM_dir/LaneAttributes.h'
cp: will not overwrite just-created './LaneConnectionID.h' with '../vehcomm/BSM_dir/LaneConnectionID.h'
cp: will not overwrite just-created './LaneSharing.h' with '../vehcomm/BSM_dir/LaneSharing.h'
cp: will not overwrite just-created './LaneTypeAttributes.h' with '../vehcomm/BSM_dir/LaneTypeAttributes.h'
cp: will not overwrite just-created './LaneWidth.h' with '../vehcomm/BSM_dir/LaneWidth.h'
cp: will not overwrite just-created './Latitude.h' with '../vehcomm/BSM_dir/Latitude.h'
cp: will not overwrite just-created './LatitudeDMS.h' with '../vehcomm/BSM_dir/LatitudeDMS.h'
cp: will not overwrite just-created './LatitudeDMS2.h' with '../vehcomm/BSM_dir/LatitudeDMS2.h'
cp: will not overwrite just-created './LayerID.h' with '../vehcomm/BSM_dir/LayerID.h'
cp: will not overwrite just-created './LayerType.h' with '../vehcomm/BSM_dir/LayerType.h'
cp: will not overwrite just-created './MovementList.h' with '../vehcomm/BSM_dir/MovementList.h'
cp: will not overwrite just-created './MovementPhaseState.h' with '../vehcomm/BSM_dir/MovementPhaseState.h'
cp: will not overwrite just-created './MovementState.h' with '../vehcomm/BSM_dir/MovementState.h'
cp: will not overwrite just-created './MsgCRC.h' with '../vehcomm/BSM_dir/MsgCRC.h'
cp: will not overwrite just-created './MultiVehicleResponse.h' with '../vehcomm/BSM_dir/MultiVehicleResponse.h'
cp: will not overwrite just-created './MUTCDCode.h' with '../vehcomm/BSM_dir/MUTCDCode.h'
cp: will not overwrite just-created './NativeEnumerated.h' with '../vehcomm/BSM_dir/NativeEnumerated.h'
cp: will not overwrite just-created './ObstacleDistance.h' with '../vehcomm/BSM_dir/ObstacleDistance.h'
cp: will not overwrite just-created './OCTET_STRING.h' with '../vehcomm/BSM_dir/OCTET_STRING.h'
cp: will not overwrite just-created './oer_decoder.h' with '../vehcomm/BSM_dir/oer_decoder.h'
cp: will not overwrite just-created './Position3D.h' with '../vehcomm/BSM_dir/Position3D.h'
cp: will not overwrite just-created './PositionalAccuracy.h' with '../vehcomm/BSM_dir/PositionalAccuracy.h'
cp: will not overwrite just-created './PositionConfidence.h' with '../vehcomm/BSM_dir/PositionConfidence.h'
cp: will not overwrite just-created './PositionConfidenceSet.h' with '../vehcomm/BSM_dir/PositionConfidenceSet.h'
cp: will not overwrite just-created './PersonalClusterRadius.h' with '../vehcomm/BSM_dir/PersonalClusterRadius.h'
cp: will not overwrite just-created './PersonalCrossingInProgress.h' with '../vehcomm/BSM_dir/PersonalCrossingInProgress.h'
cp: will not overwrite just-created './PersonalCrossingRequest.h' with '../vehcomm/BSM_dir/PersonalCrossingRequest.h'
cp: will not overwrite just-created './PersonalDeviceUsageState.h' with '../vehcomm/BSM_dir/PersonalDeviceUsageState.h'
cp: will not overwrite just-created './PersonalDeviceUserType.h' with '../vehcomm/BSM_dir/PersonalDeviceUserType.h'
cp: will not overwrite just-created './PersonalSafetyMessage.h' with '../vehcomm/BSM_dir/PersonalSafetyMessage.h'
cp: will not overwrite just-created './per_decoder.h' with '../vehcomm/BSM_dir/per_decoder.h'
cp: will not overwrite just-created './PrivilegedEventFlags.h' with '../vehcomm/BSM_dir/PrivilegedEventFlags.h'
cp: will not overwrite just-created './PrivilegedEvents.h' with '../vehcomm/BSM_dir/PrivilegedEvents.h'
cp: will not overwrite just-created './ProbeDataManagement.h' with '../vehcomm/BSM_dir/ProbeDataManagement.h'
cp: will not overwrite just-created './ProbeSegmentNumber.h' with '../vehcomm/BSM_dir/ProbeSegmentNumber.h'
cp: will not overwrite just-created './ProbeVehicleData.h' with '../vehcomm/BSM_dir/ProbeVehicleData.h'
cp: will not overwrite just-created './RoadLaneSetList.h' with '../vehcomm/BSM_dir/RoadLaneSetList.h'
cp: will not overwrite just-created './RoadRegulatorID.h' with '../vehcomm/BSM_dir/RoadRegulatorID.h'
cp: will not overwrite just-created './RoadSegment.h' with '../vehcomm/BSM_dir/RoadSegment.h'
cp: will not overwrite just-created './RoadSegmentID.h' with '../vehcomm/BSM_dir/RoadSegmentID.h'
cp: will not overwrite just-created './RoadSegmentList.h' with '../vehcomm/BSM_dir/RoadSegmentList.h'
cp: will not overwrite just-created './SegmentAttributeLLList.h' with '../vehcomm/BSM_dir/SegmentAttributeLLList.h'
cp: will not overwrite just-created './SegmentAttributeXY.h' with '../vehcomm/BSM_dir/SegmentAttributeXY.h'
cp: will not overwrite just-created './SegmentAttributeXYList.h' with '../vehcomm/BSM_dir/SegmentAttributeXYList.h'
cp: will not overwrite just-created './SemiMajorAxisAccuracy.h' with '../vehcomm/BSM_dir/SemiMajorAxisAccuracy.h'
cp: will not overwrite just-created './NodeSetXY.h' with '../vehcomm/BSM_dir/NodeSetXY.h'
cp: will not overwrite just-created './ObstacleDirection.h' with '../vehcomm/BSM_dir/ObstacleDirection.h'
cp: will not overwrite just-created './oer_encoder.h' with '../vehcomm/BSM_dir/oer_encoder.h'
cp: will not overwrite just-created './PartII-Id.h' with '../vehcomm/BSM_dir/PartII-Id.h'
cp: will not overwrite just-created './PersonalAssistive.h' with '../vehcomm/BSM_dir/PersonalAssistive.h'
cp: will not overwrite just-created './per_encoder.h' with '../vehcomm/BSM_dir/per_encoder.h'
cp: will not overwrite just-created './PreemptPriorityList.h' with '../vehcomm/BSM_dir/PreemptPriorityList.h'
cp: will not overwrite just-created './PropelledInformation.h' with '../vehcomm/BSM_dir/PropelledInformation.h'
cp: will not overwrite just-created './RequestorType.h' with '../vehcomm/BSM_dir/RequestorType.h'
cp: will not overwrite just-created './RoadSegmentReferenceID.h' with '../vehcomm/BSM_dir/RoadSegmentReferenceID.h'
cp: will not overwrite just-created './RTCMcorrections.h' with '../vehcomm/BSM_dir/RTCMcorrections.h'
cp: will not overwrite just-created './RTCMPackage.h' with '../vehcomm/BSM_dir/RTCMPackage.h'
cp: will not overwrite just-created './SpeedProfile.h' with '../vehcomm/BSM_dir/SpeedProfile.h'
cp: will not overwrite just-created './SpeedProfileMeasurement.h' with '../vehcomm/BSM_dir/SpeedProfileMeasurement.h'
cp: will not overwrite just-created './SpeedProfileMeasurementList.h' with '../vehcomm/BSM_dir/SpeedProfileMeasurementList.h'
cp: will not overwrite just-created './SSPindex.h' with '../vehcomm/BSM_dir/SSPindex.h'
cp: will not overwrite just-created './StabilityControlStatus.h' with '../vehcomm/BSM_dir/StabilityControlStatus.h'
cp: will not overwrite just-created './StationID.h' with '../vehcomm/BSM_dir/StationID.h'
cp: will not overwrite just-created './SteeringAxleLubePressure.h' with '../vehcomm/BSM_dir/SteeringAxleLubePressure.h'
cp: will not overwrite just-created './SteeringAxleTemperature.h' with '../vehcomm/BSM_dir/SteeringAxleTemperature.h'
cp: will not overwrite just-created './SteeringWheelAngle.h' with '../vehcomm/BSM_dir/SteeringWheelAngle.h'
cp: will not overwrite just-created './SteeringWheelAngleConfidence.h' with '../vehcomm/BSM_dir/SteeringWheelAngleConfidence.h'
cp: will not overwrite just-created './SteeringWheelAngleRateOfChange.h' with '../vehcomm/BSM_dir/SteeringWheelAngleRateOfChange.h'
cp: will not overwrite just-created './SummerTime.h' with '../vehcomm/BSM_dir/SummerTime.h'
cp: will not overwrite just-created './TireData.h' with '../vehcomm/BSM_dir/TireData.h'
cp: will not overwrite just-created './TireDataList.h' with '../vehcomm/BSM_dir/TireDataList.h'
cp: will not overwrite just-created './TireLeakageRate.h' with '../vehcomm/BSM_dir/TireLeakageRate.h'
cp: will not overwrite just-created './TireLocation.h' with '../vehcomm/BSM_dir/TireLocation.h'
cp: will not overwrite just-created './TirePressure.h' with '../vehcomm/BSM_dir/TirePressure.h'
cp: will not overwrite just-created './TransmissionAndSpeed.h' with '../vehcomm/BSM_dir/TransmissionAndSpeed.h'
cp: will not overwrite just-created './TransmissionState.h' with '../vehcomm/BSM_dir/TransmissionState.h'
cp: will not overwrite just-created './TravelerDataFrame.h' with '../vehcomm/BSM_dir/TravelerDataFrame.h'
cp: will not overwrite just-created './TravelerDataFrameList.h' with '../vehcomm/BSM_dir/TravelerDataFrameList.h'
cp: will not overwrite just-created './TravelerInformation.h' with '../vehcomm/BSM_dir/TravelerInformation.h'
cp: will not overwrite just-created './TravelerInfoType.h' with '../vehcomm/BSM_dir/TravelerInfoType.h'
cp: will not overwrite just-created './VehicleStatusRequestList.h' with '../vehcomm/BSM_dir/VehicleStatusRequestList.h'
cp: will not overwrite just-created './VehicleToLanePosition.h' with '../vehcomm/BSM_dir/VehicleToLanePosition.h'
cp: will not overwrite just-created './VehicleToLanePositionList.h' with '../vehcomm/BSM_dir/VehicleToLanePositionList.h'
cp: will not overwrite just-created './VehicleType.h' with '../vehcomm/BSM_dir/VehicleType.h'
cp: will not overwrite just-created './VertOffset-B08.h' with '../vehcomm/BSM_dir/VertOffset-B08.h'
cp: will not overwrite just-created './VertOffset-B09.h' with '../vehcomm/BSM_dir/VertOffset-B09.h'
cp: will not overwrite just-created './VertOffset-B10.h' with '../vehcomm/BSM_dir/VertOffset-B10.h'
cp: will not overwrite just-created './VertOffset-B11.h' with '../vehcomm/BSM_dir/VertOffset-B11.h'
cp: will not overwrite just-created './VertOffset-B12.h' with '../vehcomm/BSM_dir/VertOffset-B12.h'
cp: will not overwrite just-created './VINstring.h' with '../vehcomm/BSM_dir/VINstring.h'
cp: will not overwrite just-created './WaitOnStopline.h' with '../vehcomm/BSM_dir/WaitOnStopline.h'
cp: will not overwrite just-created './WeatherProbe.h' with '../vehcomm/BSM_dir/WeatherProbe.h'
cp: will not overwrite just-created './WeatherReport.h' with '../vehcomm/BSM_dir/WeatherReport.h'
cp: will not overwrite just-created './WheelEndElectFault.h' with '../vehcomm/BSM_dir/WheelEndElectFault.h'
cp: will not overwrite just-created './WheelSensorStatus.h' with '../vehcomm/BSM_dir/WheelSensorStatus.h'
cp: will not overwrite just-created './WiperRate.h' with '../vehcomm/BSM_dir/WiperRate.h'
cp: will not overwrite just-created './WiperSet.h' with '../vehcomm/BSM_dir/WiperSet.h'
cp: will not overwrite just-created './WiperStatus.h' with '../vehcomm/BSM_dir/WiperStatus.h'
cp: will not overwrite just-created './WorkZone.h' with '../vehcomm/BSM_dir/WorkZone.h'
cp: will not overwrite just-created './EnabledLaneList.h' with '../vehcomm/BSM_dir/EnabledLaneList.h'
cp: will not overwrite just-created './EssMobileFriction.h' with '../vehcomm/BSM_dir/EssMobileFriction.h'
cp: will not overwrite just-created './EssPrecipRate.h' with '../vehcomm/BSM_dir/EssPrecipRate.h'
cp: will not overwrite just-created './EssPrecipSituation.h' with '../vehcomm/BSM_dir/EssPrecipSituation.h'
cp: will not overwrite just-created './EssPrecipYesNo.h' with '../vehcomm/BSM_dir/EssPrecipYesNo.h'
cp: will not overwrite just-created './EssSolarRadiation.h' with '../vehcomm/BSM_dir/EssSolarRadiation.h'
cp: will not overwrite just-created './EventDescription.h' with '../vehcomm/BSM_dir/EventDescription.h'
cp: will not overwrite just-created './ExitService.h' with '../vehcomm/BSM_dir/ExitService.h'
cp: will not overwrite just-created './HeadingConfidence.h' with '../vehcomm/BSM_dir/HeadingConfidence.h'
cp: will not overwrite just-created './HeadingSlice.h' with '../vehcomm/BSM_dir/HeadingSlice.h'
cp: will not overwrite just-created './Holiday.h' with '../vehcomm/BSM_dir/Holiday.h'
cp: will not overwrite just-created './Hour.h' with '../vehcomm/BSM_dir/Hour.h'
cp: will not overwrite just-created './HumanPropelledType.h' with '../vehcomm/BSM_dir/HumanPropelledType.h'
cp: will not overwrite just-created './IA5String.h' with '../vehcomm/BSM_dir/IA5String.h'
cp: will not overwrite just-created './OffsetLL-B12.h' with '../vehcomm/BSM_dir/OffsetLL-B12.h'
cp: will not overwrite just-created './OffsetLL-B14.h' with '../vehcomm/BSM_dir/OffsetLL-B14.h'
cp: will not overwrite just-created './OffsetLL-B16.h' with '../vehcomm/BSM_dir/OffsetLL-B16.h'
cp: will not overwrite just-created './OffsetLL-B18.h' with '../vehcomm/BSM_dir/OffsetLL-B18.h'
cp: will not overwrite just-created './OffsetLL-B22.h' with '../vehcomm/BSM_dir/OffsetLL-B22.h'
cp: will not overwrite just-created './OffsetLL-B24.h' with '../vehcomm/BSM_dir/OffsetLL-B24.h'
cp: will not overwrite just-created './OffsetSystem.h' with '../vehcomm/BSM_dir/OffsetSystem.h'
cp: will not overwrite just-created './OPEN_TYPE.h' with '../vehcomm/BSM_dir/OPEN_TYPE.h'
cp: will not overwrite just-created './OverlayLaneList.h' with '../vehcomm/BSM_dir/OverlayLaneList.h'
cp: will not overwrite just-created './Day.h' with '../vehcomm/BSM_dir/Day.h'
cp: will not overwrite just-created './DayOfWeek.h' with '../vehcomm/BSM_dir/DayOfWeek.h'
cp: will not overwrite just-created './DDate.h' with '../vehcomm/BSM_dir/DDate.h'
cp: will not overwrite just-created './DDateTime.h' with '../vehcomm/BSM_dir/DDateTime.h'
cp: will not overwrite just-created './DDay.h' with '../vehcomm/BSM_dir/DDay.h'
cp: will not overwrite just-created './DegreesLat.h' with '../vehcomm/BSM_dir/DegreesLat.h'
cp: will not overwrite just-created './DegreesLong.h' with '../vehcomm/BSM_dir/DegreesLong.h'
cp: will not overwrite just-created './DeltaAngle.h' with '../vehcomm/BSM_dir/DeltaAngle.h'
cp: will not overwrite just-created './asn_application.h' with '../vehcomm/BSM_dir/asn_application.h'
cp: will not overwrite just-created './asn_bit_data.h' with '../vehcomm/BSM_dir/asn_bit_data.h'
cp: will not overwrite just-created './asn_codecs.h' with '../vehcomm/BSM_dir/asn_codecs.h'
cp: will not overwrite just-created './asn_codecs_prim.h' with '../vehcomm/BSM_dir/asn_codecs_prim.h'
cp: will not overwrite just-created './asn_internal.h' with '../vehcomm/BSM_dir/asn_internal.h'
cp: will not overwrite just-created './asn_ioc.h' with '../vehcomm/BSM_dir/asn_ioc.h'
cp: will not overwrite just-created './asn_random_fill.h' with '../vehcomm/BSM_dir/asn_random_fill.h'
cp: will not overwrite just-created './asn_SEQUENCE_OF.h' with '../vehcomm/BSM_dir/asn_SEQUENCE_OF.h'
cp: will not overwrite just-created './asn_SET_OF.h' with '../vehcomm/BSM_dir/asn_SET_OF.h'
cp: will not overwrite just-created './asn_system.h' with '../vehcomm/BSM_dir/asn_system.h'
cp: will not overwrite just-created './BasicVehicleRole.h' with '../vehcomm/BSM_dir/BasicVehicleRole.h'
cp: will not overwrite just-created './ber_decoder.h' with '../vehcomm/BSM_dir/ber_decoder.h'
cp: will not overwrite just-created './ber_tlv_length.h' with '../vehcomm/BSM_dir/ber_tlv_length.h'
cp: will not overwrite just-created './ber_tlv_tag.h' with '../vehcomm/BSM_dir/ber_tlv_tag.h'
cp: will not overwrite just-created './BIT_STRING.h' with '../vehcomm/BSM_dir/BIT_STRING.h'
cp: will not overwrite just-created './AddGrpB_TimeMark.h' with '../vehcomm/BSM_dir/AddGrpB_TimeMark.h'
cp: will not overwrite just-created './AdvisorySpeed.h' with '../vehcomm/BSM_dir/AdvisorySpeed.h'
cp: will not overwrite just-created './AdvisorySpeedList.h' with '../vehcomm/BSM_dir/AdvisorySpeedList.h'
cp: will not overwrite just-created './AdvisorySpeedType.h' with '../vehcomm/BSM_dir/AdvisorySpeedType.h'
cp: will not overwrite just-created './AllowedManeuvers.h' with '../vehcomm/BSM_dir/AllowedManeuvers.h'
cp: will not overwrite just-created './Altitude.h' with '../vehcomm/BSM_dir/Altitude.h'
cp: will not overwrite just-created './AltitudeConfidence.h' with '../vehcomm/BSM_dir/AltitudeConfidence.h'
cp: will not overwrite just-created './AltitudeValue.h' with '../vehcomm/BSM_dir/AltitudeValue.h'
cp: will not overwrite just-created './CoarseHeading.h' with '../vehcomm/BSM_dir/CoarseHeading.h'
cp: will not overwrite just-created './CodeWord.h' with '../vehcomm/BSM_dir/CodeWord.h'
cp: will not overwrite just-created './CoefficientOfFriction.h' with '../vehcomm/BSM_dir/CoefficientOfFriction.h'
cp: will not overwrite just-created './CommonSafetyRequest.h' with '../vehcomm/BSM_dir/CommonSafetyRequest.h'
cp: will not overwrite just-created './ComputedLane.h' with '../vehcomm/BSM_dir/ComputedLane.h'
cp: will not overwrite just-created './Confidence.h' with '../vehcomm/BSM_dir/Confidence.h'
cp: will not overwrite just-created './ConfidenceSet.h' with '../vehcomm/BSM_dir/ConfidenceSet.h'
cp: will not overwrite just-created './ConnectingLane.h' with '../vehcomm/BSM_dir/ConnectingLane.h'
cp: will not overwrite just-created './Location-quality.h' with '../vehcomm/BSM_dir/Location-quality.h'
cp: will not overwrite just-created './Location-tech.h' with '../vehcomm/BSM_dir/Location-tech.h'
cp: will not overwrite just-created './Longitude.h' with '../vehcomm/BSM_dir/Longitude.h'
cp: will not overwrite just-created './LongitudeDMS.h' with '../vehcomm/BSM_dir/LongitudeDMS.h'
cp: will not overwrite just-created './LongitudeDMS2.h' with '../vehcomm/BSM_dir/LongitudeDMS2.h'
cp: will not overwrite just-created './ManeuverAssistList.h' with '../vehcomm/BSM_dir/ManeuverAssistList.h'
cp: will not overwrite just-created './MapData-addGrpC.h' with '../vehcomm/BSM_dir/MapData-addGrpC.h'
cp: will not overwrite just-created './per_opentype.h' with '../vehcomm/BSM_dir/per_opentype.h'
cp: will not overwrite just-created './per_support.h' with '../vehcomm/BSM_dir/per_support.h'
cp: will not overwrite just-created './PivotingAllowed.h' with '../vehcomm/BSM_dir/PivotingAllowed.h'
cp: will not overwrite just-created './PivotPointDescription.h' with '../vehcomm/BSM_dir/PivotPointDescription.h'
cp: will not overwrite just-created './Position3D-addGrpB.h' with '../vehcomm/BSM_dir/Position3D-addGrpB.h'
cp: will not overwrite just-created './Position3D-addGrpC.h' with '../vehcomm/BSM_dir/Position3D-addGrpC.h'
cp: will not overwrite just-created './DrivingWheelAngle.h' with '../vehcomm/BSM_dir/DrivingWheelAngle.h'
cp: will not overwrite just-created './DSecond.h' with '../vehcomm/BSM_dir/DSecond.h'
cp: will not overwrite just-created './DSRCmsgID.h' with '../vehcomm/BSM_dir/DSRCmsgID.h'
cp: will not overwrite just-created './DSRC_Angle.h' with '../vehcomm/BSM_dir/DSRC_Angle.h'
cp: will not overwrite just-created './DSRC_Elevation.h' with '../vehcomm/BSM_dir/DSRC_Elevation.h'
cp: will not overwrite just-created './DSRC_MsgCount.h' with '../vehcomm/BSM_dir/DSRC_MsgCount.h'
cp: will not overwrite just-created './DSRC_TimeMark.h' with '../vehcomm/BSM_dir/DSRC_TimeMark.h'
cp: will not overwrite just-created './IsDolly.h' with '../vehcomm/BSM_dir/IsDolly.h'
cp: will not overwrite just-created './Iso3833VehicleType.h' with '../vehcomm/BSM_dir/Iso3833VehicleType.h'
cp: will not overwrite just-created './ITIScodes.h' with '../vehcomm/BSM_dir/ITIScodes.h'
cp: will not overwrite just-created './ITIScodesAndText.h' with '../vehcomm/BSM_dir/ITIScodesAndText.h'
cp: will not overwrite just-created './ITIStext.h' with '../vehcomm/BSM_dir/ITIStext.h'
cp: will not overwrite just-created './ITIStextPhrase.h' with '../vehcomm/BSM_dir/ITIStextPhrase.h'
cp: will not overwrite just-created './MinutesAngle.h' with '../vehcomm/BSM_dir/MinutesAngle.h'
cp: will not overwrite just-created './MinutesDuration.h' with '../vehcomm/BSM_dir/MinutesDuration.h'
cp: will not overwrite just-created './Month.h' with '../vehcomm/BSM_dir/Month.h'
cp: will not overwrite just-created './MotorizedPropelledType.h' with '../vehcomm/BSM_dir/MotorizedPropelledType.h'
cp: will not overwrite just-created './MovementEvent-addGrpB.h' with '../vehcomm/BSM_dir/MovementEvent-addGrpB.h'
cp: will not overwrite just-created './MovementEvent.h' with '../vehcomm/BSM_dir/MovementEvent.h'
cp: will not overwrite just-created './MovementEventList.h' with '../vehcomm/BSM_dir/MovementEventList.h'
cp: will not overwrite just-created './NMEA-MsgType.h' with '../vehcomm/BSM_dir/NMEA-MsgType.h'
cp: will not overwrite just-created './NMEA-Payload.h' with '../vehcomm/BSM_dir/NMEA-Payload.h'
cp: will not overwrite just-created './NMEA-Revision.h' with '../vehcomm/BSM_dir/NMEA-Revision.h'
cp: will not overwrite just-created './PublicSafetyAndRoadWorkerActivity.h' with '../vehcomm/BSM_dir/PublicSafetyAndRoadWorkerActivity.h'
cp: will not overwrite just-created './PublicSafetyDirectingTrafficSubType.h' with '../vehcomm/BSM_dir/PublicSafetyDirectingTrafficSubType.h'
cp: will not overwrite just-created './PublicSafetyEventResponderWorkerType.h' with '../vehcomm/BSM_dir/PublicSafetyEventResponderWorkerType.h'
cp: will not overwrite just-created './RequestedItem.h' with '../vehcomm/BSM_dir/RequestedItem.h'
cp: will not overwrite just-created './RequestedItemList.h' with '../vehcomm/BSM_dir/RequestedItemList.h'
cp: will not overwrite just-created './RequestID.h' with '../vehcomm/BSM_dir/RequestID.h'
cp: will not overwrite just-created './RequestImportanceLevel.h' with '../vehcomm/BSM_dir/RequestImportanceLevel.h'
cp: will not overwrite just-created './RequestorDescription.h' with '../vehcomm/BSM_dir/RequestorDescription.h'
cp: will not overwrite just-created './RequestorPositionVector.h' with '../vehcomm/BSM_dir/RequestorPositionVector.h'
cp: will not overwrite just-created './SignalControlZone.h' with '../vehcomm/BSM_dir/SignalControlZone.h'
cp: will not overwrite just-created './SignalGroupID.h' with '../vehcomm/BSM_dir/SignalGroupID.h'
cp: will not overwrite just-created './SignalHeadLocation.h' with '../vehcomm/BSM_dir/SignalHeadLocation.h'
cp: will not overwrite just-created './SignalHeadLocationList.h' with '../vehcomm/BSM_dir/SignalHeadLocationList.h'
cp: will not overwrite just-created './SignalReqScheme.h' with '../vehcomm/BSM_dir/SignalReqScheme.h'
cp: will not overwrite just-created './SignalRequest.h' with '../vehcomm/BSM_dir/SignalRequest.h'
cp: will not overwrite just-created './SpeedAdvice.h' with '../vehcomm/BSM_dir/SpeedAdvice.h'
cp: will not overwrite just-created './SpeedandHeadingandThrottleConfidence.h' with '../vehcomm/BSM_dir/SpeedandHeadingandThrottleConfidence.h'
cp: will not overwrite just-created './SpeedConfidence.h' with '../vehcomm/BSM_dir/SpeedConfidence.h'
cp: will not overwrite just-created './SpeedLimit.h' with '../vehcomm/BSM_dir/SpeedLimit.h'
cp: will not overwrite just-created './SpeedLimitList.h' with '../vehcomm/BSM_dir/SpeedLimitList.h'
cp: will not overwrite just-created './SpeedLimitType.h' with '../vehcomm/BSM_dir/SpeedLimitType.h'
cp: will not overwrite just-created './TemporaryID.h' with '../vehcomm/BSM_dir/TemporaryID.h'
cp: will not overwrite just-created './TenthSecond.h' with '../vehcomm/BSM_dir/TenthSecond.h'
cp: will not overwrite just-created './TermDistance.h' with '../vehcomm/BSM_dir/TermDistance.h'
cp: will not overwrite just-created './TermTime.h' with '../vehcomm/BSM_dir/TermTime.h'
cp: will not overwrite just-created './TestMessage00.h' with '../vehcomm/BSM_dir/TestMessage00.h'
cp: will not overwrite just-created './TestMessage01.h' with '../vehcomm/BSM_dir/TestMessage01.h'
cp: will not overwrite just-created './TestMessage02.h' with '../vehcomm/BSM_dir/TestMessage02.h'
cp: will not overwrite just-created './UniqueMSGID.h' with '../vehcomm/BSM_dir/UniqueMSGID.h'
cp: will not overwrite just-created './URL-Base.h' with '../vehcomm/BSM_dir/URL-Base.h'
cp: will not overwrite just-created './URL-Link.h' with '../vehcomm/BSM_dir/URL-Link.h'
cp: will not overwrite just-created './URL-Short.h' with '../vehcomm/BSM_dir/URL-Short.h'
cp: will not overwrite just-created './UserSizeAndBehaviour.h' with '../vehcomm/BSM_dir/UserSizeAndBehaviour.h'
cp: will not overwrite just-created './VehicleLength.h' with '../vehcomm/BSM_dir/VehicleLength.h'
cp: will not overwrite just-created './VehicleMass.h' with '../vehcomm/BSM_dir/VehicleMass.h'
cp: will not overwrite just-created './VehicleSafetyExtensions.h' with '../vehcomm/BSM_dir/VehicleSafetyExtensions.h'
cp: will not overwrite just-created './VehicleSize.h' with '../vehcomm/BSM_dir/VehicleSize.h'
cp: will not overwrite just-created './VehicleStatus.h' with '../vehcomm/BSM_dir/VehicleStatus.h'
cp: will not overwrite just-created './VehicleStatusDeviceTypeTag.h' with '../vehcomm/BSM_dir/VehicleStatusDeviceTypeTag.h'
cp: will not overwrite just-created './SunSensor.h' with '../vehcomm/BSM_dir/SunSensor.h'
cp: will not overwrite just-created './ThrottleConfidence.h' with '../vehcomm/BSM_dir/ThrottleConfidence.h'
cp: will not overwrite just-created './TrailerHistoryPoint.h' with '../vehcomm/BSM_dir/TrailerHistoryPoint.h'
cp: will not overwrite just-created './ValidRegion.h' with '../vehcomm/BSM_dir/ValidRegion.h'
cp: will not overwrite just-created './VehicleStatusRequest.h' with '../vehcomm/BSM_dir/VehicleStatusRequest.h'
cp: will not overwrite just-created './VehicleWidth.h' with '../vehcomm/BSM_dir/VehicleWidth.h'
cp: will not overwrite just-created './xer_decoder.h' with '../vehcomm/BSM_dir/xer_decoder.h'
cp: will not overwrite just-created './xer_encoder.h' with '../vehcomm/BSM_dir/xer_encoder.h'
cp: will not overwrite just-created './xer_support.h' with '../vehcomm/BSM_dir/xer_support.h'
cp: will not overwrite just-created './YawRate.h' with '../vehcomm/BSM_dir/YawRate.h'
cp: will not overwrite just-created './YawRateConfidence.h' with '../vehcomm/BSM_dir/YawRateConfidence.h'
cp: will not overwrite just-created './Year.h' with '../vehcomm/BSM_dir/Year.h'
cp: will not overwrite just-created './ZoneLength.h' with '../vehcomm/BSM_dir/ZoneLength.h'
cp: will not overwrite just-created './Zoom.h' with '../vehcomm/BSM_dir/Zoom.h'
cp: will not overwrite just-created './Extent.h' with '../vehcomm/BSM_dir/Extent.h'
cp: will not overwrite just-created './ExteriorLights.h' with '../vehcomm/BSM_dir/ExteriorLights.h'
cp: will not overwrite just-created './FuelType.h' with '../vehcomm/BSM_dir/FuelType.h'
cp: will not overwrite just-created './FullPositionVector.h' with '../vehcomm/BSM_dir/FullPositionVector.h'
cp: will not overwrite just-created './FurtherInfoID.h' with '../vehcomm/BSM_dir/FurtherInfoID.h'
cp: will not overwrite just-created './RestrictionClassID.h' with '../vehcomm/BSM_dir/RestrictionClassID.h'
cp: will not overwrite just-created './RestrictionClassList.h' with '../vehcomm/BSM_dir/RestrictionClassList.h'
cp: will not overwrite just-created './RestrictionUserType-addGrpC.h' with '../vehcomm/BSM_dir/RestrictionUserType-addGrpC.h'
cp: will not overwrite just-created './RestrictionUserType.h' with '../vehcomm/BSM_dir/RestrictionUserType.h'
cp: will not overwrite just-created './RestrictionUserTypeList.h' with '../vehcomm/BSM_dir/RestrictionUserTypeList.h'
cp: will not overwrite just-created './constr_SEQUENCE.h' with '../vehcomm/BSM_dir/constr_SEQUENCE.h'
cp: will not overwrite just-created './constr_SEQUENCE_OF.h' with '../vehcomm/BSM_dir/constr_SEQUENCE_OF.h'
cp: will not overwrite just-created './constr_SET_OF.h' with '../vehcomm/BSM_dir/constr_SET_OF.h'
cp: will not overwrite just-created './constr_TYPE.h' with '../vehcomm/BSM_dir/constr_TYPE.h'
cp: will not overwrite just-created './Count.h' with '../vehcomm/BSM_dir/Count.h'
cp: will not overwrite just-created './Offset-B10.h' with '../vehcomm/BSM_dir/Offset-B10.h'
cp: will not overwrite just-created './Offset-B11.h' with '../vehcomm/BSM_dir/Offset-B11.h'
cp: will not overwrite just-created './Offset-B12.h' with '../vehcomm/BSM_dir/Offset-B12.h'
cp: will not overwrite just-created './Offset-B13.h' with '../vehcomm/BSM_dir/Offset-B13.h'
cp: will not overwrite just-created './Offset-B14.h' with '../vehcomm/BSM_dir/Offset-B14.h'
cp: will not overwrite just-created './Offset-B16.h' with '../vehcomm/BSM_dir/Offset-B16.h'
cp: will not overwrite just-created './IncidentResponseEquipment.h' with '../vehcomm/BSM_dir/IncidentResponseEquipment.h'
cp: will not overwrite just-created './INTEGER.h' with '../vehcomm/BSM_dir/INTEGER.h'
cp: will not overwrite just-created './IntersectionAccessPoint.h' with '../vehcomm/BSM_dir/IntersectionAccessPoint.h'
cp: will not overwrite just-created './IntersectionCollision.h' with '../vehcomm/BSM_dir/IntersectionCollision.h'
cp: will not overwrite just-created './IntersectionGeometry.h' with '../vehcomm/BSM_dir/IntersectionGeometry.h'
cp: will not overwrite just-created './NodeAttributeSetXY.h' with '../vehcomm/BSM_dir/NodeAttributeSetXY.h'
cp: will not overwrite just-created './NodeAttributeXY.h' with '../vehcomm/BSM_dir/NodeAttributeXY.h'
cp: will not overwrite just-created './NodeAttributeXYList.h' with '../vehcomm/BSM_dir/NodeAttributeXYList.h'
cp: will not overwrite just-created './NodeListLL.h' with '../vehcomm/BSM_dir/NodeListLL.h'
cp: will not overwrite just-created './NodeListXY.h' with '../vehcomm/BSM_dir/NodeListXY.h'
cp: will not overwrite just-created './LaneAttributes-Bike.h' with '../vehcomm/BSM_dir/LaneAttributes-Bike.h'
cp: will not overwrite just-created './LaneAttributes-Crosswalk.h' with '../vehcomm/BSM_dir/LaneAttributes-Crosswalk.h'
cp: will not overwrite just-created './LaneAttributes-Parking.h' with '../vehcomm/BSM_dir/LaneAttributes-Parking.h'
cp: will not overwrite just-created './LaneAttributes-Sidewalk.h' with '../vehcomm/BSM_dir/LaneAttributes-Sidewalk.h'
cp: will not overwrite just-created './LaneAttributes-Striping.h' with '../vehcomm/BSM_dir/LaneAttributes-Striping.h'
cp: will not overwrite just-created './IntersectionGeometryList.h' with '../vehcomm/BSM_dir/IntersectionGeometryList.h'
cp: will not overwrite just-created './IntersectionStatusObject.h' with '../vehcomm/BSM_dir/IntersectionStatusObject.h'
cp: will not overwrite just-created './LightbarInUse.h' with '../vehcomm/BSM_dir/LightbarInUse.h'
cp: will not overwrite just-created './MinuteOfTheYear.h' with '../vehcomm/BSM_dir/MinuteOfTheYear.h'
cp: will not overwrite just-created './NativeInteger.h' with '../vehcomm/BSM_dir/NativeInteger.h'
cp: will not overwrite just-created './Node-LLmD-64b.h' with '../vehcomm/BSM_dir/Node-LLmD-64b.h'
cp: will not overwrite just-created './LaneDataAttribute-addGrpB.h' with '../vehcomm/BSM_dir/LaneDataAttribute-addGrpB.h'
cp: will not overwrite just-created './LaneDataAttribute.h' with '../vehcomm/BSM_dir/LaneDataAttribute.h'
cp: will not overwrite just-created './LaneDataAttributeList.h' with '../vehcomm/BSM_dir/LaneDataAttributeList.h'
cp: will not overwrite just-created './LaneDirection.h' with '../vehcomm/BSM_dir/LaneDirection.h'
cp: will not overwrite just-created './LaneID.h' with '../vehcomm/BSM_dir/LaneID.h'
cp: will not overwrite just-created './LaneList.h' with '../vehcomm/BSM_dir/LaneList.h'
cp: will not overwrite just-created './PrioritizationResponse.h' with '../vehcomm/BSM_dir/PrioritizationResponse.h'
cp: will not overwrite just-created './PrioritizationResponseList.h' with '../vehcomm/BSM_dir/PrioritizationResponseList.h'
cp: will not overwrite just-created './PrioritizationResponseStatus.h' with '../vehcomm/BSM_dir/PrioritizationResponseStatus.h'
cp: will not overwrite just-created './Priority.h' with '../vehcomm/BSM_dir/Priority.h'
cp: will not overwrite just-created './PriorityRequestType.h' with '../vehcomm/BSM_dir/PriorityRequestType.h'
cp: will not overwrite just-created './RoadSideAlert.h' with '../vehcomm/BSM_dir/RoadSideAlert.h'
cp: will not overwrite just-created './RoadSignID.h' with '../vehcomm/BSM_dir/RoadSignID.h'
cp: will not overwrite just-created './RoadwayCrownAngle.h' with '../vehcomm/BSM_dir/RoadwayCrownAngle.h'
cp: will not overwrite just-created './RTCM-Revision.h' with '../vehcomm/BSM_dir/RTCM-Revision.h'
cp: will not overwrite just-created './SemiMajorAxisOrientation.h' with '../vehcomm/BSM_dir/SemiMajorAxisOrientation.h'
cp: will not overwrite just-created './SemiMinorAxisAccuracy.h' with '../vehcomm/BSM_dir/SemiMinorAxisAccuracy.h'
cp: will not overwrite just-created './ShapePointSet.h' with '../vehcomm/BSM_dir/ShapePointSet.h'
cp: will not overwrite just-created './SignalStatusMessage.h' with '../vehcomm/BSM_dir/SignalStatusMessage.h'
cp: will not overwrite just-created './SignalStatusPackage.h' with '../vehcomm/BSM_dir/SignalStatusPackage.h'
cp: will not overwrite just-created './SignalStatusPackageList.h' with '../vehcomm/BSM_dir/SignalStatusPackageList.h'
cp: will not overwrite just-created './SignPrority.h' with '../vehcomm/BSM_dir/SignPrority.h'
cp: will not overwrite just-created './SirenInUse.h' with '../vehcomm/BSM_dir/SirenInUse.h'
cp: will not overwrite just-created './ThrottlePosition.h' with '../vehcomm/BSM_dir/ThrottlePosition.h'
cp: will not overwrite just-created './TimeChangeDetails.h' with '../vehcomm/BSM_dir/TimeChangeDetails.h'
cp: will not overwrite just-created './TimeConfidence.h' with '../vehcomm/BSM_dir/TimeConfidence.h'
cp: will not overwrite just-created './TimeIntervalConfidence.h' with '../vehcomm/BSM_dir/TimeIntervalConfidence.h'
cp: will not overwrite just-created './TimeOffset.h' with '../vehcomm/BSM_dir/TimeOffset.h'
cp: will not overwrite just-created './TimeRemaining.h' with '../vehcomm/BSM_dir/TimeRemaining.h'
cp: will not overwrite just-created './TirePressureThresholdDetection.h' with '../vehcomm/BSM_dir/TirePressureThresholdDetection.h'
cp: will not overwrite just-created './TireTemp.h' with '../vehcomm/BSM_dir/TireTemp.h'
cp: will not overwrite just-created './TractionControlStatus.h' with '../vehcomm/BSM_dir/TractionControlStatus.h'
cp: will not overwrite just-created './TrailerData.h' with '../vehcomm/BSM_dir/TrailerData.h'
cp: will not overwrite just-created './Velocity.h' with '../vehcomm/BSM_dir/Velocity.h'
cp: will not overwrite just-created './VerticalAcceleration.h' with '../vehcomm/BSM_dir/VerticalAcceleration.h'
cp: will not overwrite just-created './VerticalAccelerationThreshold.h' with '../vehcomm/BSM_dir/VerticalAccelerationThreshold.h'
cp: will not overwrite just-created './VerticalOffset.h' with '../vehcomm/BSM_dir/VerticalOffset.h'
cp: will not overwrite just-created './VertOffset-B07.h' with '../vehcomm/BSM_dir/VertOffset-B07.h'
cp: will not overwrite just-created './Radius-B12.h' with '../vehcomm/BSM_dir/Radius-B12.h'
cp: will not overwrite just-created './RadiusOfCurvature.h' with '../vehcomm/BSM_dir/RadiusOfCurvature.h'
cp: will not overwrite just-created './RainSensor.h' with '../vehcomm/BSM_dir/RainSensor.h'
cp: will not overwrite just-created './Sample.h' with '../vehcomm/BSM_dir/Sample.h'
cp: will not overwrite just-created './Scale-B12.h' with '../vehcomm/BSM_dir/Scale-B12.h'
cp: will not overwrite just-created './Second.h' with '../vehcomm/BSM_dir/Second.h'
cp: will not overwrite just-created './SecondOfTime.h' with '../vehcomm/BSM_dir/SecondOfTime.h'
cp: will not overwrite just-created './SecondsAngle.h' with '../vehcomm/BSM_dir/SecondsAngle.h'
cp: will not overwrite just-created './SegmentAttributeLL.h' with '../vehcomm/BSM_dir/SegmentAttributeLL.h'
cp: will not overwrite just-created './SupplementalVehicleExtensions.h' with '../vehcomm/BSM_dir/SupplementalVehicleExtensions.h'
cp: will not overwrite just-created './Node-XY-20b.h' with '../vehcomm/BSM_dir/Node-XY-20b.h'
cp: will not overwrite just-created './Node-XY-22b.h' with '../vehcomm/BSM_dir/Node-XY-22b.h'
cp: will not overwrite just-created './Node-XY-24b.h' with '../vehcomm/BSM_dir/Node-XY-24b.h'
cp: will not overwrite just-created './Node-XY-26b.h' with '../vehcomm/BSM_dir/Node-XY-26b.h'
cp: will not overwrite just-created './NodeXY.h' with '../vehcomm/BSM_dir/NodeXY.h'
cp: will not overwrite just-created './NumberOfParticipantsInCluster.h' with '../vehcomm/BSM_dir/NumberOfParticipantsInCluster.h'
cp: will not overwrite just-created './ObjectCount.h' with '../vehcomm/BSM_dir/ObjectCount.h'
cp: will not overwrite just-created './ObstacleDetection.h' with '../vehcomm/BSM_dir/ObstacleDetection.h'
cp: will not overwrite just-created './GNSSstatus.h' with '../vehcomm/BSM_dir/GNSSstatus.h'
cp: will not overwrite just-created './GrossDistance.h' with '../vehcomm/BSM_dir/GrossDistance.h'
cp: will not overwrite just-created './GrossSpeed.h' with '../vehcomm/BSM_dir/GrossSpeed.h'
cp: will not overwrite just-created './Header.h' with '../vehcomm/BSM_dir/Header.h'
cp: will not overwrite just-created './Heading.h' with '../vehcomm/BSM_dir/Heading.h'
cp: will not overwrite just-created './VehicleData.h' with '../vehcomm/BSM_dir/VehicleData.h'
cp: will not overwrite just-created './VehicleEventFlags.h' with '../vehcomm/BSM_dir/VehicleEventFlags.h'
cp: will not overwrite just-created './VehicleGroupAffected.h' with '../vehcomm/BSM_dir/VehicleGroupAffected.h'
cp: will not overwrite just-created './VehicleHeight.h' with '../vehcomm/BSM_dir/VehicleHeight.h'
cp: will not overwrite just-created './VehicleID.h' with '../vehcomm/BSM_dir/VehicleID.h'
cp: will not overwrite just-created './VehicleIdent.h' with '../vehcomm/BSM_dir/VehicleIdent.h'
cp: will not overwrite just-created './BrakeAppliedPressure.h' with '../vehcomm/BSM_dir/BrakeAppliedPressure.h'
cp: will not overwrite just-created './BrakeAppliedStatus.h' with '../vehcomm/BSM_dir/BrakeAppliedStatus.h'
cp: will not overwrite just-created './BrakeBoostApplied.h' with '../vehcomm/BSM_dir/BrakeBoostApplied.h'
cp: will not overwrite just-created './BrakeSystemStatus.h' with '../vehcomm/BSM_dir/BrakeSystemStatus.h'
cp: will not overwrite just-created './oer_support.h' with '../vehcomm/BSM_dir/oer_support.h'
cp: will not overwrite just-created './Offset-B09.h' with '../vehcomm/BSM_dir/Offset-B09.h'
cp: will not overwrite just-created './NMEAcorrections.h' with '../vehcomm/BSM_dir/NMEAcorrections.h'
cp: will not overwrite just-created './Node-LL-24B.h' with '../vehcomm/BSM_dir/Node-LL-24B.h'
cp: will not overwrite just-created './Node-LL-28B.h' with '../vehcomm/BSM_dir/Node-LL-28B.h'
cp: will not overwrite just-created './clt_vars.h' with '../vehcomm/clt_vars.h'
cp: will not overwrite just-created './dvi.h' with '../vehcomm/dvi.h'
cp: will not overwrite just-created './long_comm.h' with '../vehcomm/long_comm.h'
cp: will not overwrite just-created './veh_lib.h' with '../vehcomm/veh_lib.h'
cp: will not overwrite just-created './Veh_Send.h' with '../vehcomm/Veh_Send.h'
